{"level":"info","message":"BEGIN: POST /api/users:signin?authenticator=password","reqId":"892823d6-38ec-4452-b932-734fb3894513","timestamp":"2023-02-17T06:00:18.749Z"}
{"can":null,"level":"info","message":"ctx permission","reqId":"892823d6-38ec-4452-b932-734fb3894513","skip":true,"timestamp":"2023-02-17T06:00:18.924Z"}
{"level":"info","message":"acl params","reqId":"892823d6-38ec-4452-b932-734fb3894513","timestamp":"2023-02-17T06:00:18.926Z"}
{"level":"info","message":"acl parsedParams","reqId":"892823d6-38ec-4452-b932-734fb3894513","timestamp":"2023-02-17T06:00:18.927Z"}
{"level":"info","message":"END: POST /api/users:signin?authenticator=password","req":{"action":{"actionName":"signin","params":{"actionName":"signin","authenticator":"password","resourceName":"users","values":{"email":"admin@nocobase.com","password":"admin123"}},"resourceName":"users"},"header":{"x-hostname":"localhost","x-locale":"en-US","x-timezone":"+07:00"}},"reqId":"892823d6-38ec-4452-b932-734fb3894513","res":{"status":200},"responseTime":647,"timestamp":"2023-02-17T06:00:19.396Z"}
{"level":"info","message":"BEGIN: GET /api/app:getInfo","reqId":"99901711-6df0-4f69-9455-d83856a60680","timestamp":"2023-02-17T06:00:20.098Z"}
{"level":"info","message":"Current user id: 1","reqId":"99901711-6df0-4f69-9455-d83856a60680","timestamp":"2023-02-17T06:00:20.129Z"}
{"can":null,"level":"info","message":"ctx permission","reqId":"99901711-6df0-4f69-9455-d83856a60680","skip":true,"timestamp":"2023-02-17T06:00:20.278Z"}
{"level":"info","message":"acl params","reqId":"99901711-6df0-4f69-9455-d83856a60680","timestamp":"2023-02-17T06:00:20.280Z"}
{"level":"info","message":"acl parsedParams","reqId":"99901711-6df0-4f69-9455-d83856a60680","timestamp":"2023-02-17T06:00:20.286Z"}
{"level":"info","message":"END: GET /api/app:getInfo","req":{"action":{"actionName":"getInfo","params":{"actionName":"getInfo","resourceName":"app"},"resourceName":"app"},"header":{"x-hostname":"localhost","x-locale":"en-US","x-timezone":"+07:00"}},"reqId":"99901711-6df0-4f69-9455-d83856a60680","res":{"status":200},"responseTime":199,"timestamp":"2023-02-17T06:00:20.297Z"}
{"level":"info","message":"BEGIN: GET /api/users:check","reqId":"1fe06ba0-bf18-4867-bcef-ea1eb1bfc7f6","timestamp":"2023-02-17T06:00:20.635Z"}
{"level":"info","message":"Current user id: 1","reqId":"1fe06ba0-bf18-4867-bcef-ea1eb1bfc7f6","timestamp":"2023-02-17T06:00:20.650Z"}
{"can":null,"level":"info","message":"ctx permission","reqId":"1fe06ba0-bf18-4867-bcef-ea1eb1bfc7f6","skip":true,"timestamp":"2023-02-17T06:00:20.660Z"}
{"level":"info","message":"acl params","reqId":"1fe06ba0-bf18-4867-bcef-ea1eb1bfc7f6","timestamp":"2023-02-17T06:00:20.662Z"}
{"level":"info","message":"acl parsedParams","reqId":"1fe06ba0-bf18-4867-bcef-ea1eb1bfc7f6","timestamp":"2023-02-17T06:00:20.664Z"}
{"level":"info","message":"END: GET /api/users:check","req":{"action":{"actionName":"check","params":{"actionName":"check","resourceName":"users"},"resourceName":"users"},"header":{"x-hostname":"localhost","x-locale":"en-US","x-timezone":"+07:00"}},"reqId":"1fe06ba0-bf18-4867-bcef-ea1eb1bfc7f6","res":{"status":200},"responseTime":33,"timestamp":"2023-02-17T06:00:20.668Z"}
{"level":"info","message":"BEGIN: GET /api/uiSchemaTemplates:list?appends%5B%5D=collection&paginate=false","reqId":"5cd6a76e-29e5-4410-adf0-27086a4e174c","timestamp":"2023-02-17T06:00:20.884Z"}
{"level":"info","message":"Current user id: 1","reqId":"5cd6a76e-29e5-4410-adf0-27086a4e174c","timestamp":"2023-02-17T06:00:20.917Z"}
{"can":{"action":"list","resource":"uiSchemaTemplates","role":"root"},"level":"info","message":"ctx permission","reqId":"5cd6a76e-29e5-4410-adf0-27086a4e174c","skip":true,"timestamp":"2023-02-17T06:00:20.926Z"}
{"level":"info","message":"acl params","reqId":"5cd6a76e-29e5-4410-adf0-27086a4e174c","timestamp":"2023-02-17T06:00:20.929Z"}
{"level":"info","message":"acl parsedParams","reqId":"5cd6a76e-29e5-4410-adf0-27086a4e174c","timestamp":"2023-02-17T06:00:20.935Z"}
{"level":"info","message":"END: GET /api/uiSchemaTemplates:list?appends%5B%5D=collection&paginate=false","req":{"action":{"actionName":"list","params":{"actionName":"list","appends":["collection"],"paginate":"false","resourceName":"uiSchemaTemplates"},"resourceName":"uiSchemaTemplates"},"header":{"x-hostname":"localhost","x-locale":"en-US","x-timezone":"+07:00"}},"reqId":"5cd6a76e-29e5-4410-adf0-27086a4e174c","res":{"status":200},"responseTime":132,"timestamp":"2023-02-17T06:00:21.016Z"}
{"level":"info","message":"BEGIN: GET /api/collections:list?paginate=false&appends%5B%5D=fields&appends%5B%5D=fields.uiSchema&sort%5B%5D=sort&filter=%7B%7D","reqId":"81e0d24f-b10e-4d9c-87c7-bc86972fc074","timestamp":"2023-02-17T06:00:21.284Z"}
{"level":"info","message":"Current user id: 1","reqId":"81e0d24f-b10e-4d9c-87c7-bc86972fc074","timestamp":"2023-02-17T06:00:21.305Z"}
{"can":{"action":"list","resource":"collections","role":"root"},"level":"info","message":"ctx permission","reqId":"81e0d24f-b10e-4d9c-87c7-bc86972fc074","skip":true,"timestamp":"2023-02-17T06:00:21.312Z"}
{"level":"info","message":"acl params","reqId":"81e0d24f-b10e-4d9c-87c7-bc86972fc074","timestamp":"2023-02-17T06:00:21.315Z"}
{"level":"info","message":"acl parsedParams","reqId":"81e0d24f-b10e-4d9c-87c7-bc86972fc074","timestamp":"2023-02-17T06:00:21.317Z"}
{"level":"info","message":"END: GET /api/collections:list?paginate=false&appends%5B%5D=fields&appends%5B%5D=fields.uiSchema&sort%5B%5D=sort&filter=%7B%7D","req":{"action":{"actionName":"list","params":{"actionName":"list","appends":["fields","fields.uiSchema"],"filter":{},"paginate":"false","resourceName":"collections","sort":["sort"]},"resourceName":"collections"},"header":{"x-hostname":"localhost","x-locale":"en-US","x-timezone":"+07:00"}},"reqId":"81e0d24f-b10e-4d9c-87c7-bc86972fc074","res":{"status":200},"responseTime":72,"timestamp":"2023-02-17T06:00:21.356Z"}
{"level":"info","message":"BEGIN: GET /api/roles:check","reqId":"0ee35449-facc-45a6-8c90-ec3f5f62d586","timestamp":"2023-02-17T06:00:21.708Z"}
{"level":"info","message":"Current user id: 1","reqId":"0ee35449-facc-45a6-8c90-ec3f5f62d586","timestamp":"2023-02-17T06:00:21.721Z"}
{"can":{"action":"check","resource":"roles","role":"root"},"level":"info","message":"ctx permission","reqId":"0ee35449-facc-45a6-8c90-ec3f5f62d586","skip":true,"timestamp":"2023-02-17T06:00:21.749Z"}
{"level":"info","message":"acl params","reqId":"0ee35449-facc-45a6-8c90-ec3f5f62d586","timestamp":"2023-02-17T06:00:21.752Z"}
{"level":"info","message":"acl parsedParams","reqId":"0ee35449-facc-45a6-8c90-ec3f5f62d586","timestamp":"2023-02-17T06:00:21.757Z"}
{"level":"info","message":"END: GET /api/roles:check","req":{"action":{"actionName":"check","params":{"actionName":"check","resourceName":"roles"},"resourceName":"roles"},"header":{"x-hostname":"localhost","x-locale":"en-US","x-timezone":"+07:00"}},"reqId":"0ee35449-facc-45a6-8c90-ec3f5f62d586","res":{"status":200},"responseTime":93,"timestamp":"2023-02-17T06:00:21.802Z"}
{"level":"info","message":"BEGIN: GET /api/uiSchemas:getJsonSchema/xh1mxs6genp","reqId":"45277a93-cc48-4a71-a2b7-d6f961853ba3","timestamp":"2023-02-17T06:00:22.171Z"}
{"level":"info","message":"Current user id: 1","reqId":"45277a93-cc48-4a71-a2b7-d6f961853ba3","timestamp":"2023-02-17T06:00:22.183Z"}
{"can":null,"level":"info","message":"ctx permission","reqId":"45277a93-cc48-4a71-a2b7-d6f961853ba3","skip":true,"timestamp":"2023-02-17T06:00:22.194Z"}
{"level":"info","message":"acl params","reqId":"45277a93-cc48-4a71-a2b7-d6f961853ba3","timestamp":"2023-02-17T06:00:22.195Z"}
{"level":"info","message":"acl parsedParams","reqId":"45277a93-cc48-4a71-a2b7-d6f961853ba3","timestamp":"2023-02-17T06:00:22.198Z"}
{"level":"info","message":"END: GET /api/uiSchemas:getJsonSchema/xh1mxs6genp","req":{"action":{"actionName":"getJsonSchema","params":{"actionName":"getJsonSchema","filterByTk":"xh1mxs6genp","resourceIndex":"xh1mxs6genp","resourceName":"uiSchemas"},"resourceName":"uiSchemas"},"header":{"x-hostname":"localhost","x-locale":"en-US","x-role":"root","x-timezone":"+07:00"}},"reqId":"45277a93-cc48-4a71-a2b7-d6f961853ba3","res":{"status":200},"responseTime":59,"timestamp":"2023-02-17T06:00:22.230Z"}
{"level":"info","message":"BEGIN: GET /api/collections:list?pageSize=50&sort%5B%5D=sort&appends%5B%5D=fields&filter=%7B%22hidden%22%3A%7B%22%24isFalsy%22%3Atrue%7D%7D","reqId":"8d5af6d0-6fe3-407e-b8d5-16e498e733bb","timestamp":"2023-02-17T06:01:06.500Z"}
{"level":"info","message":"Current user id: 1","reqId":"8d5af6d0-6fe3-407e-b8d5-16e498e733bb","timestamp":"2023-02-17T06:01:06.544Z"}
{"can":{"action":"list","resource":"collections","role":"root"},"level":"info","message":"ctx permission","reqId":"8d5af6d0-6fe3-407e-b8d5-16e498e733bb","skip":true,"timestamp":"2023-02-17T06:01:06.551Z"}
{"level":"info","message":"acl params","reqId":"8d5af6d0-6fe3-407e-b8d5-16e498e733bb","timestamp":"2023-02-17T06:01:06.553Z"}
{"level":"info","message":"acl parsedParams","reqId":"8d5af6d0-6fe3-407e-b8d5-16e498e733bb","timestamp":"2023-02-17T06:01:06.555Z"}
{"level":"info","message":"END: GET /api/collections:list?pageSize=50&sort%5B%5D=sort&appends%5B%5D=fields&filter=%7B%22hidden%22%3A%7B%22%24isFalsy%22%3Atrue%7D%7D","req":{"action":{"actionName":"list","params":{"actionName":"list","appends":["fields"],"filter":{"hidden":{"$isFalsy":true}},"pageSize":"50","resourceName":"collections","sort":["sort"]},"resourceName":"collections"},"header":{"x-hostname":"localhost","x-locale":"en-US","x-role":"root","x-timezone":"+07:00"}},"reqId":"8d5af6d0-6fe3-407e-b8d5-16e498e733bb","res":{"status":200},"responseTime":145,"timestamp":"2023-02-17T06:01:06.645Z"}
{"level":"info","message":"BEGIN: GET /api/uiSchemaTemplates:list?pageSize=20&appends%5B%5D=collection&sort%5B%5D=-createdAt","reqId":"2b52e2cb-e9d2-4419-9b3c-cb4677816e9e","timestamp":"2023-02-17T06:01:19.755Z"}
{"level":"info","message":"Current user id: 1","reqId":"2b52e2cb-e9d2-4419-9b3c-cb4677816e9e","timestamp":"2023-02-17T06:01:19.767Z"}
{"can":{"action":"list","resource":"uiSchemaTemplates","role":"root"},"level":"info","message":"ctx permission","reqId":"2b52e2cb-e9d2-4419-9b3c-cb4677816e9e","skip":true,"timestamp":"2023-02-17T06:01:19.777Z"}
{"level":"info","message":"acl params","reqId":"2b52e2cb-e9d2-4419-9b3c-cb4677816e9e","timestamp":"2023-02-17T06:01:19.780Z"}
{"level":"info","message":"acl parsedParams","reqId":"2b52e2cb-e9d2-4419-9b3c-cb4677816e9e","timestamp":"2023-02-17T06:01:19.782Z"}
{"level":"info","message":"END: GET /api/uiSchemaTemplates:list?pageSize=20&appends%5B%5D=collection&sort%5B%5D=-createdAt","req":{"action":{"actionName":"list","params":{"actionName":"list","appends":["collection"],"pageSize":"20","resourceName":"uiSchemaTemplates","sort":["-createdAt"]},"resourceName":"uiSchemaTemplates"},"header":{"x-hostname":"localhost","x-locale":"en-US","x-role":"root","x-timezone":"+07:00"}},"reqId":"2b52e2cb-e9d2-4419-9b3c-cb4677816e9e","res":{"status":200},"responseTime":47,"timestamp":"2023-02-17T06:01:19.802Z"}
{"level":"info","message":"BEGIN: GET /api/workflows:list?pageSize=20&sort%5B%5D=-enabled&sort%5B%5D=-createdAt&except%5B%5D=config&filter=%7B%22current%22%3Atrue%7D","reqId":"2d911362-e9c1-4c54-84d0-4df0aa5c39e1","timestamp":"2023-02-17T06:01:24.122Z"}
{"level":"info","message":"Current user id: 1","reqId":"2d911362-e9c1-4c54-84d0-4df0aa5c39e1","timestamp":"2023-02-17T06:01:24.149Z"}
{"can":{"action":"list","resource":"workflows","role":"root"},"level":"info","message":"ctx permission","reqId":"2d911362-e9c1-4c54-84d0-4df0aa5c39e1","skip":true,"timestamp":"2023-02-17T06:01:24.157Z"}
{"level":"info","message":"acl params","reqId":"2d911362-e9c1-4c54-84d0-4df0aa5c39e1","timestamp":"2023-02-17T06:01:24.159Z"}
{"level":"info","message":"acl parsedParams","reqId":"2d911362-e9c1-4c54-84d0-4df0aa5c39e1","timestamp":"2023-02-17T06:01:24.162Z"}
{"level":"info","message":"END: GET /api/workflows:list?pageSize=20&sort%5B%5D=-enabled&sort%5B%5D=-createdAt&except%5B%5D=config&filter=%7B%22current%22%3Atrue%7D","req":{"action":{"actionName":"list","params":{"actionName":"list","except":["config"],"filter":{"current":true},"pageSize":"20","resourceName":"workflows","sort":["-enabled","-createdAt"]},"resourceName":"workflows"},"header":{"x-hostname":"localhost","x-locale":"en-US","x-role":"root","x-timezone":"+07:00"}},"reqId":"2d911362-e9c1-4c54-84d0-4df0aa5c39e1","res":{"status":200},"responseTime":56,"timestamp":"2023-02-17T06:01:24.178Z"}
{"level":"info","message":"BEGIN: POST /api/systemSettings:update/1","reqId":"3d8ac476-a04a-44d2-b570-e6a542b8e094","timestamp":"2023-02-17T06:02:00.350Z"}
{"level":"info","message":"Current user id: 1","reqId":"3d8ac476-a04a-44d2-b570-e6a542b8e094","timestamp":"2023-02-17T06:02:00.365Z"}
{"can":{"action":"update","resource":"systemSettings","role":"root"},"level":"info","message":"ctx permission","reqId":"3d8ac476-a04a-44d2-b570-e6a542b8e094","skip":true,"timestamp":"2023-02-17T06:02:00.373Z"}
{"level":"info","message":"acl params","reqId":"3d8ac476-a04a-44d2-b570-e6a542b8e094","timestamp":"2023-02-17T06:02:00.376Z"}
{"level":"info","message":"acl parsedParams","reqId":"3d8ac476-a04a-44d2-b570-e6a542b8e094","timestamp":"2023-02-17T06:02:00.378Z"}
{"level":"info","message":"END: POST /api/systemSettings:update/1","req":{"action":{"actionName":"update","params":{"actionName":"update","filterByTk":"1","resourceIndex":"1","resourceName":"systemSettings","values":{"allowSignUp":true,"appLang":"en-US","createdAt":"2023-02-17T05:53:25.357Z","enabledLanguages":["en-US","id-ID"],"id":1,"logo":{"createdAt":"2023-02-17T05:53:25.360Z","createdById":null,"extname":".png","filename":"682e5ad037dd02a0fe4800a3e91c283b.png","id":1,"meta":{},"mimetype":"image/png","path":null,"size":null,"storageId":null,"title":"nocobase-logo","updatedAt":"2023-02-17T05:53:25.360Z","updatedById":null,"url":"https://nocobase.oss-cn-beijing.aliyuncs.com/682e5ad037dd02a0fe4800a3e91c283b.png"},"logoId":1,"showLogoOnly":null,"smsAuthEnabled":false,"title":"SIP PATEN","updatedAt":"2023-02-17T05:53:25.362Z"}},"resourceName":"systemSettings"},"header":{"x-hostname":"localhost","x-locale":"en-US","x-role":"root","x-timezone":"+07:00"}},"reqId":"3d8ac476-a04a-44d2-b570-e6a542b8e094","res":{"status":200},"responseTime":352,"timestamp":"2023-02-17T06:02:00.702Z"}
{"level":"info","message":"BEGIN: POST /api/uiSchemas:insertAdjacent/xh1mxs6genp?position=beforeEnd","reqId":"8509f036-df66-4673-a632-d1d51b80bcb1","timestamp":"2023-02-17T06:03:04.538Z"}
{"level":"info","message":"Current user id: 1","reqId":"8509f036-df66-4673-a632-d1d51b80bcb1","timestamp":"2023-02-17T06:03:04.560Z"}
{"can":{"action":"insertAdjacent","resource":"uiSchemas","role":"root"},"level":"info","message":"ctx permission","reqId":"8509f036-df66-4673-a632-d1d51b80bcb1","skip":true,"timestamp":"2023-02-17T06:03:04.579Z"}
{"level":"info","message":"acl params","reqId":"8509f036-df66-4673-a632-d1d51b80bcb1","timestamp":"2023-02-17T06:03:04.581Z"}
{"level":"info","message":"acl parsedParams","reqId":"8509f036-df66-4673-a632-d1d51b80bcb1","timestamp":"2023-02-17T06:03:04.589Z"}
{"level":"info","message":"END: POST /api/uiSchemas:insertAdjacent/xh1mxs6genp?position=beforeEnd","req":{"action":{"actionName":"insertAdjacent","params":{"actionName":"insertAdjacent","filterByTk":"xh1mxs6genp","position":"beforeEnd","resourceIndex":"xh1mxs6genp","resourceName":"uiSchemas","values":{"schema":{"_isJSONSchemaObject":true,"name":"8y9j6xjkfji","properties":{"page":{"_isJSONSchemaObject":true,"name":"page","properties":{"eqrrd397bww":{"_isJSONSchemaObject":true,"name":"eqrrd397bww","type":"void","version":"2.0","x-component":"Grid","x-initializer":"BlockInitializers","x-uid":"1ubbp0ezpah"}},"type":"void","version":"2.0","x-async":true,"x-component":"Page","x-uid":"83f6cciee44"}},"title":"beranda","type":"void","version":"2.0","x-component":"Menu.Item","x-component-props":{"icon":"contactsoutlined"},"x-decorator":"ACLMenuItemProvider","x-server-hooks":[{"method":"bindMenuToRole","type":"onSelfCreate"}],"x-uid":"4s7frx07cp3"},"wrap":null}},"resourceName":"uiSchemas"},"header":{"x-hostname":"localhost","x-locale":"en-US","x-role":"root","x-timezone":"+07:00"}},"reqId":"8509f036-df66-4673-a632-d1d51b80bcb1","res":{"status":200},"responseTime":331,"timestamp":"2023-02-17T06:03:04.869Z"}
{"level":"info","message":"BEGIN: GET /api/uiSchemas:getProperties/4s7frx07cp3","reqId":"4355aeda-d789-47f8-99ce-403a8de18b60","timestamp":"2023-02-17T06:03:07.511Z"}
{"level":"info","message":"Current user id: 1","reqId":"4355aeda-d789-47f8-99ce-403a8de18b60","timestamp":"2023-02-17T06:03:07.526Z"}
{"can":{"action":"getProperties","resource":"uiSchemas","role":"root"},"level":"info","message":"ctx permission","reqId":"4355aeda-d789-47f8-99ce-403a8de18b60","skip":true,"timestamp":"2023-02-17T06:03:07.540Z"}
{"level":"info","message":"acl params","reqId":"4355aeda-d789-47f8-99ce-403a8de18b60","timestamp":"2023-02-17T06:03:07.543Z"}
{"level":"info","message":"acl parsedParams","reqId":"4355aeda-d789-47f8-99ce-403a8de18b60","timestamp":"2023-02-17T06:03:07.545Z"}
{"level":"info","message":"END: GET /api/uiSchemas:getProperties/4s7frx07cp3","req":{"action":{"actionName":"getProperties","params":{"actionName":"getProperties","filterByTk":"4s7frx07cp3","resourceIndex":"4s7frx07cp3","resourceName":"uiSchemas"},"resourceName":"uiSchemas"},"header":{"x-hostname":"localhost","x-locale":"en-US","x-role":"root","x-timezone":"+07:00"}},"reqId":"4355aeda-d789-47f8-99ce-403a8de18b60","res":{"status":200},"responseTime":40,"timestamp":"2023-02-17T06:03:07.551Z"}
{"level":"info","message":"BEGIN: POST /api/attachments:upload","reqId":"5987c25f-3a0b-4e05-aeb3-b3a2e4baa07e","timestamp":"2023-02-17T06:04:52.590Z"}
{"level":"info","message":"Current user id: 1","reqId":"5987c25f-3a0b-4e05-aeb3-b3a2e4baa07e","timestamp":"2023-02-17T06:04:52.604Z"}
{"can":null,"level":"info","message":"ctx permission","reqId":"5987c25f-3a0b-4e05-aeb3-b3a2e4baa07e","skip":true,"timestamp":"2023-02-17T06:04:52.612Z"}
{"level":"info","message":"acl params","reqId":"5987c25f-3a0b-4e05-aeb3-b3a2e4baa07e","timestamp":"2023-02-17T06:04:52.614Z"}
{"level":"info","message":"acl parsedParams","reqId":"5987c25f-3a0b-4e05-aeb3-b3a2e4baa07e","timestamp":"2023-02-17T06:04:52.623Z"}
{"level":"info","message":"END: POST /api/attachments:upload","req":{"action":{"actionName":"upload","params":{"actionName":"upload","resourceName":"attachments"},"resourceName":"attachments"},"header":{"x-hostname":"localhost","x-locale":"en-US","x-role":"root","x-timezone":"+07:00"}},"reqId":"5987c25f-3a0b-4e05-aeb3-b3a2e4baa07e","res":{"status":200},"responseTime":6928,"timestamp":"2023-02-17T06:04:59.518Z"}
{"level":"info","message":"BEGIN: GET /storage/uploads/b0f81cdd52a6a84956664c46b9fd4821.webp","reqId":"68083ad0-d06c-4d29-9577-37fbafc67edd","timestamp":"2023-02-17T06:04:59.900Z"}
{"level":"info","message":"END: GET /storage/uploads/b0f81cdd52a6a84956664c46b9fd4821.webp","req":{},"reqId":"68083ad0-d06c-4d29-9577-37fbafc67edd","res":{"status":200},"responseTime":506,"timestamp":"2023-02-17T06:05:00.406Z"}
{"level":"info","message":"BEGIN: POST /api/systemSettings:update/1","reqId":"49a3f0cd-2d34-4f93-8031-62d1ca4769c9","timestamp":"2023-02-17T06:05:01.182Z"}
{"level":"info","message":"Current user id: 1","reqId":"49a3f0cd-2d34-4f93-8031-62d1ca4769c9","timestamp":"2023-02-17T06:05:01.194Z"}
{"can":{"action":"update","resource":"systemSettings","role":"root"},"level":"info","message":"ctx permission","reqId":"49a3f0cd-2d34-4f93-8031-62d1ca4769c9","skip":true,"timestamp":"2023-02-17T06:05:01.204Z"}
{"level":"info","message":"acl params","reqId":"49a3f0cd-2d34-4f93-8031-62d1ca4769c9","timestamp":"2023-02-17T06:05:01.207Z"}
{"level":"info","message":"acl parsedParams","reqId":"49a3f0cd-2d34-4f93-8031-62d1ca4769c9","timestamp":"2023-02-17T06:05:01.209Z"}
{"level":"info","message":"END: POST /api/systemSettings:update/1","req":{"action":{"actionName":"update","params":{"actionName":"update","filterByTk":"1","resourceIndex":"1","resourceName":"systemSettings","values":{"allowSignUp":true,"appLang":"en-US","createdAt":"2023-02-17T05:53:25.357Z","enabledLanguages":["en-US","id-ID"],"id":1,"logo":{"createdAt":"2023-02-17T06:04:59.325Z","createdById":1,"extname":".webp","filename":"b0f81cdd52a6a84956664c46b9fd4821.webp","id":2,"meta":{},"mimetype":"image/webp","path":"","size":8754,"storageId":1,"title":"logoSIP_white","updatedAt":"2023-02-17T06:04:59.325Z","updatedById":1,"url":"http://localhost:13000/storage/uploads/b0f81cdd52a6a84956664c46b9fd4821.webp"},"logoId":1,"showLogoOnly":null,"smsAuthEnabled":false,"title":"SIP PATEN","updatedAt":"2023-02-17T05:53:25.362Z"}},"resourceName":"systemSettings"},"header":{"x-hostname":"localhost","x-locale":"en-US","x-role":"root","x-timezone":"+07:00"}},"reqId":"49a3f0cd-2d34-4f93-8031-62d1ca4769c9","res":{"status":200},"responseTime":177,"timestamp":"2023-02-17T06:05:01.359Z"}
{"level":"info","message":"BEGIN: GET /api/uiSchemaTemplates:list?pageSize=20&appends%5B%5D=collection&sort%5B%5D=-createdAt","reqId":"90a4b0d8-6cd6-43a6-8289-7a9140694d3b","timestamp":"2023-02-17T06:05:10.755Z"}
{"level":"info","message":"Current user id: 1","reqId":"90a4b0d8-6cd6-43a6-8289-7a9140694d3b","timestamp":"2023-02-17T06:05:10.782Z"}
{"can":{"action":"list","resource":"uiSchemaTemplates","role":"root"},"level":"info","message":"ctx permission","reqId":"90a4b0d8-6cd6-43a6-8289-7a9140694d3b","skip":true,"timestamp":"2023-02-17T06:05:10.791Z"}
{"level":"info","message":"acl params","reqId":"90a4b0d8-6cd6-43a6-8289-7a9140694d3b","timestamp":"2023-02-17T06:05:10.794Z"}
{"level":"info","message":"acl parsedParams","reqId":"90a4b0d8-6cd6-43a6-8289-7a9140694d3b","timestamp":"2023-02-17T06:05:10.799Z"}
{"level":"info","message":"END: GET /api/uiSchemaTemplates:list?pageSize=20&appends%5B%5D=collection&sort%5B%5D=-createdAt","req":{"action":{"actionName":"list","params":{"actionName":"list","appends":["collection"],"pageSize":"20","resourceName":"uiSchemaTemplates","sort":["-createdAt"]},"resourceName":"uiSchemaTemplates"},"header":{"x-hostname":"localhost","x-locale":"en-US","x-role":"root","x-timezone":"+07:00"}},"reqId":"90a4b0d8-6cd6-43a6-8289-7a9140694d3b","res":{"status":200},"responseTime":63,"timestamp":"2023-02-17T06:05:10.818Z"}
{"level":"info","message":"BEGIN: GET /api/collections:list?pageSize=50&sort%5B%5D=sort&appends%5B%5D=fields&filter=%7B%22hidden%22%3A%7B%22%24isFalsy%22%3Atrue%7D%7D","reqId":"fc4393d8-abab-4b82-92a8-7d8a355b538b","timestamp":"2023-02-17T06:05:12.374Z"}
{"level":"info","message":"Current user id: 1","reqId":"fc4393d8-abab-4b82-92a8-7d8a355b538b","timestamp":"2023-02-17T06:05:12.403Z"}
{"can":{"action":"list","resource":"collections","role":"root"},"level":"info","message":"ctx permission","reqId":"fc4393d8-abab-4b82-92a8-7d8a355b538b","skip":true,"timestamp":"2023-02-17T06:05:12.411Z"}
{"level":"info","message":"acl params","reqId":"fc4393d8-abab-4b82-92a8-7d8a355b538b","timestamp":"2023-02-17T06:05:12.415Z"}
{"level":"info","message":"acl parsedParams","reqId":"fc4393d8-abab-4b82-92a8-7d8a355b538b","timestamp":"2023-02-17T06:05:12.424Z"}
{"level":"info","message":"END: GET /api/collections:list?pageSize=50&sort%5B%5D=sort&appends%5B%5D=fields&filter=%7B%22hidden%22%3A%7B%22%24isFalsy%22%3Atrue%7D%7D","req":{"action":{"actionName":"list","params":{"actionName":"list","appends":["fields"],"filter":{"hidden":{"$isFalsy":true}},"pageSize":"50","resourceName":"collections","sort":["sort"]},"resourceName":"collections"},"header":{"x-hostname":"localhost","x-locale":"en-US","x-role":"root","x-timezone":"+07:00"}},"reqId":"fc4393d8-abab-4b82-92a8-7d8a355b538b","res":{"status":200},"responseTime":85,"timestamp":"2023-02-17T06:05:12.460Z"}
{"level":"info","message":"BEGIN: GET /api/collections/users/fields:list?paginate=false&sort%5B%5D=sort&appends%5B%5D=uiSchema&filter=%7B%22interface%22%3A%7B%22%24not%22%3Anull%7D%7D","reqId":"e0d34e85-db79-470d-9a57-b91f298bd9e5","timestamp":"2023-02-17T06:05:15.174Z"}
{"level":"info","message":"Current user id: 1","reqId":"e0d34e85-db79-470d-9a57-b91f298bd9e5","timestamp":"2023-02-17T06:05:15.211Z"}
{"can":{"action":"list","resource":"collections.fields","role":"root"},"level":"info","message":"ctx permission","reqId":"e0d34e85-db79-470d-9a57-b91f298bd9e5","skip":true,"timestamp":"2023-02-17T06:05:15.223Z"}
{"level":"info","message":"acl params","reqId":"e0d34e85-db79-470d-9a57-b91f298bd9e5","timestamp":"2023-02-17T06:05:15.226Z"}
{"level":"info","message":"acl parsedParams","reqId":"e0d34e85-db79-470d-9a57-b91f298bd9e5","timestamp":"2023-02-17T06:05:15.228Z"}
{"level":"info","message":"END: GET /api/collections/users/fields:list?paginate=false&sort%5B%5D=sort&appends%5B%5D=uiSchema&filter=%7B%22interface%22%3A%7B%22%24not%22%3Anull%7D%7D","req":{"action":{"actionName":"list","params":{"actionName":"list","appends":["uiSchema"],"associatedIndex":"users","associatedName":"collections","filter":{"interface":{"$not":null}},"paginate":"false","resourceName":"fields","sort":["sort"]},"resourceName":"collections.fields","resourceOf":"users"},"header":{"x-hostname":"localhost","x-locale":"en-US","x-role":"root","x-timezone":"+07:00"}},"reqId":"e0d34e85-db79-470d-9a57-b91f298bd9e5","res":{"status":200},"responseTime":78,"timestamp":"2023-02-17T06:05:15.252Z"}
{"level":"info","message":"BEGIN: GET /api/verifications_providers:list?pageSize=50&sort%5B%5D=-default&sort%5B%5D=id","reqId":"0adda074-c94e-48d7-973d-da78d16a58d4","timestamp":"2023-02-17T06:05:40.468Z"}
{"level":"info","message":"Current user id: 1","reqId":"0adda074-c94e-48d7-973d-da78d16a58d4","timestamp":"2023-02-17T06:05:40.479Z"}
{"can":{"action":"list","resource":"verifications_providers","role":"root"},"level":"info","message":"ctx permission","reqId":"0adda074-c94e-48d7-973d-da78d16a58d4","skip":true,"timestamp":"2023-02-17T06:05:40.494Z"}
{"level":"info","message":"acl params","reqId":"0adda074-c94e-48d7-973d-da78d16a58d4","timestamp":"2023-02-17T06:05:40.498Z"}
{"level":"info","message":"acl parsedParams","reqId":"0adda074-c94e-48d7-973d-da78d16a58d4","timestamp":"2023-02-17T06:05:40.502Z"}
{"level":"info","message":"END: GET /api/verifications_providers:list?pageSize=50&sort%5B%5D=-default&sort%5B%5D=id","req":{"action":{"actionName":"list","params":{"actionName":"list","pageSize":"50","resourceName":"verifications_providers","sort":["-default","id"]},"resourceName":"verifications_providers"},"header":{"x-hostname":"localhost","x-locale":"en-US","x-role":"root","x-timezone":"+07:00"}},"reqId":"0adda074-c94e-48d7-973d-da78d16a58d4","res":{"status":200},"responseTime":60,"timestamp":"2023-02-17T06:05:40.528Z"}
{"level":"info","message":"BEGIN: GET /api/storages:list?pageSize=50&sort%5B%5D=id","reqId":"9cbe578b-c743-4a53-b70e-cc54bb06f33e","timestamp":"2023-02-17T06:05:42.508Z"}
{"level":"info","message":"Current user id: 1","reqId":"9cbe578b-c743-4a53-b70e-cc54bb06f33e","timestamp":"2023-02-17T06:05:42.526Z"}
{"can":{"action":"list","resource":"storages","role":"root"},"level":"info","message":"ctx permission","reqId":"9cbe578b-c743-4a53-b70e-cc54bb06f33e","skip":true,"timestamp":"2023-02-17T06:05:42.537Z"}
{"level":"info","message":"acl params","reqId":"9cbe578b-c743-4a53-b70e-cc54bb06f33e","timestamp":"2023-02-17T06:05:42.540Z"}
{"level":"info","message":"acl parsedParams","reqId":"9cbe578b-c743-4a53-b70e-cc54bb06f33e","timestamp":"2023-02-17T06:05:42.543Z"}
{"level":"info","message":"END: GET /api/storages:list?pageSize=50&sort%5B%5D=id","req":{"action":{"actionName":"list","params":{"actionName":"list","pageSize":"50","resourceName":"storages","sort":["id"]},"resourceName":"storages"},"header":{"x-hostname":"localhost","x-locale":"en-US","x-role":"root","x-timezone":"+07:00"}},"reqId":"9cbe578b-c743-4a53-b70e-cc54bb06f33e","res":{"status":200},"responseTime":79,"timestamp":"2023-02-17T06:05:42.587Z"}
{"level":"info","message":"BEGIN: GET /api/collections:list?pageSize=50&sort%5B%5D=sort&appends%5B%5D=fields&filter=%7B%22hidden%22%3A%7B%22%24isFalsy%22%3Atrue%7D%7D","reqId":"4d9f22ff-2baf-4200-a7bb-5b37167ba2fe","timestamp":"2023-02-17T06:05:48.412Z"}
{"level":"info","message":"Current user id: 1","reqId":"4d9f22ff-2baf-4200-a7bb-5b37167ba2fe","timestamp":"2023-02-17T06:05:48.429Z"}
{"can":{"action":"list","resource":"collections","role":"root"},"level":"info","message":"ctx permission","reqId":"4d9f22ff-2baf-4200-a7bb-5b37167ba2fe","skip":true,"timestamp":"2023-02-17T06:05:48.439Z"}
{"level":"info","message":"acl params","reqId":"4d9f22ff-2baf-4200-a7bb-5b37167ba2fe","timestamp":"2023-02-17T06:05:48.441Z"}
{"level":"info","message":"acl parsedParams","reqId":"4d9f22ff-2baf-4200-a7bb-5b37167ba2fe","timestamp":"2023-02-17T06:05:48.444Z"}
{"level":"info","message":"END: GET /api/collections:list?pageSize=50&sort%5B%5D=sort&appends%5B%5D=fields&filter=%7B%22hidden%22%3A%7B%22%24isFalsy%22%3Atrue%7D%7D","req":{"action":{"actionName":"list","params":{"actionName":"list","appends":["fields"],"filter":{"hidden":{"$isFalsy":true}},"pageSize":"50","resourceName":"collections","sort":["sort"]},"resourceName":"collections"},"header":{"x-hostname":"localhost","x-locale":"en-US","x-role":"root","x-timezone":"+07:00"}},"reqId":"4d9f22ff-2baf-4200-a7bb-5b37167ba2fe","res":{"status":200},"responseTime":66,"timestamp":"2023-02-17T06:05:48.478Z"}
{"level":"info","message":"BEGIN: GET /api/uiSchemaTemplates:list?pageSize=20&appends%5B%5D=collection&sort%5B%5D=-createdAt","reqId":"51250b79-725d-46da-9ad8-4a6ed281bbcd","timestamp":"2023-02-17T06:05:49.385Z"}
{"level":"info","message":"Current user id: 1","reqId":"51250b79-725d-46da-9ad8-4a6ed281bbcd","timestamp":"2023-02-17T06:05:49.405Z"}
{"can":{"action":"list","resource":"uiSchemaTemplates","role":"root"},"level":"info","message":"ctx permission","reqId":"51250b79-725d-46da-9ad8-4a6ed281bbcd","skip":true,"timestamp":"2023-02-17T06:05:49.428Z"}
{"level":"info","message":"acl params","reqId":"51250b79-725d-46da-9ad8-4a6ed281bbcd","timestamp":"2023-02-17T06:05:49.433Z"}
{"level":"info","message":"acl parsedParams","reqId":"51250b79-725d-46da-9ad8-4a6ed281bbcd","timestamp":"2023-02-17T06:05:49.443Z"}
{"level":"info","message":"END: GET /api/uiSchemaTemplates:list?pageSize=20&appends%5B%5D=collection&sort%5B%5D=-createdAt","req":{"action":{"actionName":"list","params":{"actionName":"list","appends":["collection"],"pageSize":"20","resourceName":"uiSchemaTemplates","sort":["-createdAt"]},"resourceName":"uiSchemaTemplates"},"header":{"x-hostname":"localhost","x-locale":"en-US","x-role":"root","x-timezone":"+07:00"}},"reqId":"51250b79-725d-46da-9ad8-4a6ed281bbcd","res":{"status":200},"responseTime":83,"timestamp":"2023-02-17T06:05:49.469Z"}
{"level":"info","message":"BEGIN: GET /api/collections:list?pageSize=50&sort%5B%5D=sort&appends%5B%5D=fields&filter=%7B%22hidden%22%3A%7B%22%24isFalsy%22%3Atrue%7D%7D","reqId":"d1861e28-b02a-482d-a576-5b7976ca352d","timestamp":"2023-02-17T06:06:03.459Z"}
{"level":"info","message":"Current user id: 1","reqId":"d1861e28-b02a-482d-a576-5b7976ca352d","timestamp":"2023-02-17T06:06:03.476Z"}
{"can":{"action":"list","resource":"collections","role":"root"},"level":"info","message":"ctx permission","reqId":"d1861e28-b02a-482d-a576-5b7976ca352d","skip":true,"timestamp":"2023-02-17T06:06:03.482Z"}
{"level":"info","message":"acl params","reqId":"d1861e28-b02a-482d-a576-5b7976ca352d","timestamp":"2023-02-17T06:06:03.485Z"}
{"level":"info","message":"acl parsedParams","reqId":"d1861e28-b02a-482d-a576-5b7976ca352d","timestamp":"2023-02-17T06:06:03.487Z"}
{"level":"info","message":"END: GET /api/collections:list?pageSize=50&sort%5B%5D=sort&appends%5B%5D=fields&filter=%7B%22hidden%22%3A%7B%22%24isFalsy%22%3Atrue%7D%7D","req":{"action":{"actionName":"list","params":{"actionName":"list","appends":["fields"],"filter":{"hidden":{"$isFalsy":true}},"pageSize":"50","resourceName":"collections","sort":["sort"]},"resourceName":"collections"},"header":{"x-hostname":"localhost","x-locale":"en-US","x-role":"root","x-timezone":"+07:00"}},"reqId":"d1861e28-b02a-482d-a576-5b7976ca352d","res":{"status":200},"responseTime":60,"timestamp":"2023-02-17T06:06:03.519Z"}
{"level":"info","message":"BEGIN: GET /api/storages:list?pageSize=50&sort%5B%5D=id","reqId":"55d1763c-3b99-455b-95b7-d4584813049e","timestamp":"2023-02-17T06:06:08.320Z"}
{"level":"info","message":"Current user id: 1","reqId":"55d1763c-3b99-455b-95b7-d4584813049e","timestamp":"2023-02-17T06:06:08.335Z"}
{"can":{"action":"list","resource":"storages","role":"root"},"level":"info","message":"ctx permission","reqId":"55d1763c-3b99-455b-95b7-d4584813049e","skip":true,"timestamp":"2023-02-17T06:06:08.349Z"}
{"level":"info","message":"acl params","reqId":"55d1763c-3b99-455b-95b7-d4584813049e","timestamp":"2023-02-17T06:06:08.353Z"}
{"level":"info","message":"acl parsedParams","reqId":"55d1763c-3b99-455b-95b7-d4584813049e","timestamp":"2023-02-17T06:06:08.363Z"}
{"level":"info","message":"END: GET /api/storages:list?pageSize=50&sort%5B%5D=id","req":{"action":{"actionName":"list","params":{"actionName":"list","pageSize":"50","resourceName":"storages","sort":["id"]},"resourceName":"storages"},"header":{"x-hostname":"localhost","x-locale":"en-US","x-role":"root","x-timezone":"+07:00"}},"reqId":"55d1763c-3b99-455b-95b7-d4584813049e","res":{"status":200},"responseTime":61,"timestamp":"2023-02-17T06:06:08.381Z"}
{"level":"info","message":"BEGIN: GET /api/uiSchemas:getProperties/4s7frx07cp3","reqId":"e83a38e5-95f9-460f-a67a-6c3bc03d8864","timestamp":"2023-02-17T06:06:09.867Z"}
{"level":"info","message":"Current user id: 1","reqId":"e83a38e5-95f9-460f-a67a-6c3bc03d8864","timestamp":"2023-02-17T06:06:09.885Z"}
{"can":{"action":"getProperties","resource":"uiSchemas","role":"root"},"level":"info","message":"ctx permission","reqId":"e83a38e5-95f9-460f-a67a-6c3bc03d8864","skip":true,"timestamp":"2023-02-17T06:06:09.899Z"}
{"level":"info","message":"acl params","reqId":"e83a38e5-95f9-460f-a67a-6c3bc03d8864","timestamp":"2023-02-17T06:06:09.901Z"}
{"level":"info","message":"acl parsedParams","reqId":"e83a38e5-95f9-460f-a67a-6c3bc03d8864","timestamp":"2023-02-17T06:06:09.921Z"}
{"level":"info","message":"END: GET /api/uiSchemas:getProperties/4s7frx07cp3","req":{"action":{"actionName":"getProperties","params":{"actionName":"getProperties","filterByTk":"4s7frx07cp3","resourceIndex":"4s7frx07cp3","resourceName":"uiSchemas"},"resourceName":"uiSchemas"},"header":{"x-hostname":"localhost","x-locale":"en-US","x-role":"root","x-timezone":"+07:00"}},"reqId":"e83a38e5-95f9-460f-a67a-6c3bc03d8864","res":{"status":200},"responseTime":61,"timestamp":"2023-02-17T06:06:09.928Z"}
{"level":"info","message":"BEGIN: POST /api/users:updateProfile","reqId":"1b24d420-e572-4db9-9233-c93b2d3bc122","timestamp":"2023-02-17T06:06:20.566Z"}
{"level":"info","message":"Current user id: 1","reqId":"1b24d420-e572-4db9-9233-c93b2d3bc122","timestamp":"2023-02-17T06:06:20.577Z"}
{"can":null,"level":"info","message":"ctx permission","reqId":"1b24d420-e572-4db9-9233-c93b2d3bc122","skip":true,"timestamp":"2023-02-17T06:06:20.583Z"}
{"level":"info","message":"acl params","reqId":"1b24d420-e572-4db9-9233-c93b2d3bc122","timestamp":"2023-02-17T06:06:20.585Z"}
{"level":"info","message":"acl parsedParams","reqId":"1b24d420-e572-4db9-9233-c93b2d3bc122","timestamp":"2023-02-17T06:06:20.588Z"}
{"level":"info","message":"END: POST /api/users:updateProfile","req":{"action":{"actionName":"updateProfile","params":{"actionName":"updateProfile","resourceName":"users","values":{"appLang":"id-ID"}},"resourceName":"users"},"header":{"x-hostname":"localhost","x-locale":"en-US","x-role":"root","x-timezone":"+07:00"}},"reqId":"1b24d420-e572-4db9-9233-c93b2d3bc122","res":{"status":200},"responseTime":118,"timestamp":"2023-02-17T06:06:20.683Z"}
{"level":"info","message":"BEGIN: GET /api/app:getLang","reqId":"ebfaa71b-c55f-4ec4-8eac-08f1cae1f0bf","timestamp":"2023-02-17T06:06:24.441Z"}
{"level":"info","message":"BEGIN: GET /api/app:getPlugins","reqId":"d327c07f-2c74-4c7f-9092-1e8ee1309a51","timestamp":"2023-02-17T06:06:24.451Z"}
{"level":"info","message":"Current user id: 1","reqId":"ebfaa71b-c55f-4ec4-8eac-08f1cae1f0bf","timestamp":"2023-02-17T06:06:24.485Z"}
{"level":"info","message":"Current user id: 1","reqId":"d327c07f-2c74-4c7f-9092-1e8ee1309a51","timestamp":"2023-02-17T06:06:24.491Z"}
{"can":null,"level":"info","message":"ctx permission","reqId":"ebfaa71b-c55f-4ec4-8eac-08f1cae1f0bf","skip":true,"timestamp":"2023-02-17T06:06:24.501Z"}
{"level":"info","message":"acl params","reqId":"ebfaa71b-c55f-4ec4-8eac-08f1cae1f0bf","timestamp":"2023-02-17T06:06:24.502Z"}
{"level":"info","message":"acl parsedParams","reqId":"ebfaa71b-c55f-4ec4-8eac-08f1cae1f0bf","timestamp":"2023-02-17T06:06:24.506Z"}
{"can":null,"level":"info","message":"ctx permission","reqId":"d327c07f-2c74-4c7f-9092-1e8ee1309a51","skip":true,"timestamp":"2023-02-17T06:06:24.511Z"}
{"level":"info","message":"acl params","reqId":"d327c07f-2c74-4c7f-9092-1e8ee1309a51","timestamp":"2023-02-17T06:06:24.513Z"}
{"level":"info","message":"acl parsedParams","reqId":"d327c07f-2c74-4c7f-9092-1e8ee1309a51","timestamp":"2023-02-17T06:06:24.516Z"}
{"level":"info","message":"END: GET /api/app:getPlugins","req":{"action":{"actionName":"getPlugins","params":{"actionName":"getPlugins","resourceName":"app"},"resourceName":"app"},"header":{"x-hostname":"localhost","x-locale":"id-ID","x-role":"root","x-timezone":"+07:00"}},"reqId":"d327c07f-2c74-4c7f-9092-1e8ee1309a51","res":{"status":200},"responseTime":182,"timestamp":"2023-02-17T06:06:24.634Z"}
{"level":"info","message":"END: GET /api/app:getLang","req":{"action":{"actionName":"getLang","params":{"actionName":"getLang","resourceName":"app"},"resourceName":"app"},"header":{"x-hostname":"localhost","x-locale":"id-ID","x-role":"root","x-timezone":"+07:00"}},"reqId":"ebfaa71b-c55f-4ec4-8eac-08f1cae1f0bf","res":{"status":200},"responseTime":2628,"timestamp":"2023-02-17T06:06:27.069Z"}
{"level":"info","message":"BEGIN: GET /api/app:getLang","reqId":"b7aa5cc2-1ab2-4ced-97f9-9ef7153707ae","timestamp":"2023-02-17T06:06:27.437Z"}
{"level":"info","message":"Current user id: 1","reqId":"b7aa5cc2-1ab2-4ced-97f9-9ef7153707ae","timestamp":"2023-02-17T06:06:27.447Z"}
{"can":null,"level":"info","message":"ctx permission","reqId":"b7aa5cc2-1ab2-4ced-97f9-9ef7153707ae","skip":true,"timestamp":"2023-02-17T06:06:27.454Z"}
{"level":"info","message":"acl params","reqId":"b7aa5cc2-1ab2-4ced-97f9-9ef7153707ae","timestamp":"2023-02-17T06:06:27.457Z"}
{"level":"info","message":"acl parsedParams","reqId":"b7aa5cc2-1ab2-4ced-97f9-9ef7153707ae","timestamp":"2023-02-17T06:06:27.459Z"}
{"level":"info","message":"END: GET /api/app:getLang","req":{"action":{"actionName":"getLang","params":{"actionName":"getLang","resourceName":"app"},"resourceName":"app"},"header":{"x-hostname":"localhost","x-locale":"id-ID","x-role":"root","x-timezone":"+07:00"}},"reqId":"b7aa5cc2-1ab2-4ced-97f9-9ef7153707ae","res":{"status":200},"responseTime":26,"timestamp":"2023-02-17T06:06:27.463Z"}
{"level":"info","message":"BEGIN: GET /api/uiRoutes:getAccessible","reqId":"2f87b477-8682-4bb1-8314-e5ea965bfb37","timestamp":"2023-02-17T06:06:27.807Z"}
{"level":"info","message":"Current user id: 1","reqId":"2f87b477-8682-4bb1-8314-e5ea965bfb37","timestamp":"2023-02-17T06:06:27.816Z"}
{"can":null,"level":"info","message":"ctx permission","reqId":"2f87b477-8682-4bb1-8314-e5ea965bfb37","skip":true,"timestamp":"2023-02-17T06:06:27.825Z"}
{"level":"info","message":"acl params","reqId":"2f87b477-8682-4bb1-8314-e5ea965bfb37","timestamp":"2023-02-17T06:06:27.827Z"}
{"level":"info","message":"acl parsedParams","reqId":"2f87b477-8682-4bb1-8314-e5ea965bfb37","timestamp":"2023-02-17T06:06:27.829Z"}
{"level":"info","message":"END: GET /api/uiRoutes:getAccessible","req":{"action":{"actionName":"getAccessible","params":{"actionName":"getAccessible","resourceName":"uiRoutes"},"resourceName":"uiRoutes"},"header":{"x-hostname":"localhost","x-locale":"id-ID","x-role":"root","x-timezone":"+07:00"}},"reqId":"2f87b477-8682-4bb1-8314-e5ea965bfb37","res":{"status":200},"responseTime":29,"timestamp":"2023-02-17T06:06:27.835Z"}
{"level":"info","message":"BEGIN: GET /api/systemSettings:get/1?appends=logo","reqId":"99e680b6-2d2e-4861-a1b9-aad8cccc671c","timestamp":"2023-02-17T06:06:28.057Z"}
{"level":"info","message":"Current user id: 1","reqId":"99e680b6-2d2e-4861-a1b9-aad8cccc671c","timestamp":"2023-02-17T06:06:28.066Z"}
{"can":null,"level":"info","message":"ctx permission","reqId":"99e680b6-2d2e-4861-a1b9-aad8cccc671c","skip":true,"timestamp":"2023-02-17T06:06:28.077Z"}
{"level":"info","message":"acl params","reqId":"99e680b6-2d2e-4861-a1b9-aad8cccc671c","timestamp":"2023-02-17T06:06:28.080Z"}
{"level":"info","message":"acl parsedParams","reqId":"99e680b6-2d2e-4861-a1b9-aad8cccc671c","timestamp":"2023-02-17T06:06:28.082Z"}
{"level":"info","message":"END: GET /api/systemSettings:get/1?appends=logo","req":{"action":{"actionName":"get","params":{"actionName":"get","appends":["logo"],"filterByTk":"1","resourceIndex":"1","resourceName":"systemSettings"},"resourceName":"systemSettings"},"header":{"x-hostname":"localhost","x-locale":"id-ID","x-role":"root","x-timezone":"+07:00"}},"reqId":"99e680b6-2d2e-4861-a1b9-aad8cccc671c","res":{"status":200},"responseTime":43,"timestamp":"2023-02-17T06:06:28.100Z"}
{"level":"info","message":"BEGIN: GET /api/app:getInfo","reqId":"63affe3b-654f-4569-8356-15de3d5b5a3c","timestamp":"2023-02-17T06:06:28.158Z"}
{"level":"info","message":"Current user id: 1","reqId":"63affe3b-654f-4569-8356-15de3d5b5a3c","timestamp":"2023-02-17T06:06:28.167Z"}
{"can":null,"level":"info","message":"ctx permission","reqId":"63affe3b-654f-4569-8356-15de3d5b5a3c","skip":true,"timestamp":"2023-02-17T06:06:28.180Z"}
{"level":"info","message":"acl params","reqId":"63affe3b-654f-4569-8356-15de3d5b5a3c","timestamp":"2023-02-17T06:06:28.183Z"}
{"level":"info","message":"acl parsedParams","reqId":"63affe3b-654f-4569-8356-15de3d5b5a3c","timestamp":"2023-02-17T06:06:28.185Z"}
{"level":"info","message":"END: GET /api/app:getInfo","req":{"action":{"actionName":"getInfo","params":{"actionName":"getInfo","resourceName":"app"},"resourceName":"app"},"header":{"x-hostname":"localhost","x-locale":"id-ID","x-role":"root","x-timezone":"+07:00"}},"reqId":"63affe3b-654f-4569-8356-15de3d5b5a3c","res":{"status":200},"responseTime":37,"timestamp":"2023-02-17T06:06:28.196Z"}
{"level":"info","message":"BEGIN: GET /api/users:check","reqId":"374a37c3-e0f1-4d31-8fa7-a0680f40abca","timestamp":"2023-02-17T06:06:28.457Z"}
{"level":"info","message":"Current user id: 1","reqId":"374a37c3-e0f1-4d31-8fa7-a0680f40abca","timestamp":"2023-02-17T06:06:28.466Z"}
{"can":null,"level":"info","message":"ctx permission","reqId":"374a37c3-e0f1-4d31-8fa7-a0680f40abca","skip":true,"timestamp":"2023-02-17T06:06:28.476Z"}
{"level":"info","message":"acl params","reqId":"374a37c3-e0f1-4d31-8fa7-a0680f40abca","timestamp":"2023-02-17T06:06:28.477Z"}
{"level":"info","message":"acl parsedParams","reqId":"374a37c3-e0f1-4d31-8fa7-a0680f40abca","timestamp":"2023-02-17T06:06:28.480Z"}
{"level":"info","message":"END: GET /api/users:check","req":{"action":{"actionName":"check","params":{"actionName":"check","resourceName":"users"},"resourceName":"users"},"header":{"x-hostname":"localhost","x-locale":"id-ID","x-role":"root","x-timezone":"+07:00"}},"reqId":"374a37c3-e0f1-4d31-8fa7-a0680f40abca","res":{"status":200},"responseTime":25,"timestamp":"2023-02-17T06:06:28.482Z"}
{"level":"info","message":"BEGIN: GET /api/uiSchemaTemplates:list?appends%5B%5D=collection&paginate=false","reqId":"00873f21-a6ad-4ec6-8ed5-30d21a83700c","timestamp":"2023-02-17T06:06:28.524Z"}
{"level":"info","message":"Current user id: 1","reqId":"00873f21-a6ad-4ec6-8ed5-30d21a83700c","timestamp":"2023-02-17T06:06:28.534Z"}
{"can":{"action":"list","resource":"uiSchemaTemplates","role":"root"},"level":"info","message":"ctx permission","reqId":"00873f21-a6ad-4ec6-8ed5-30d21a83700c","skip":true,"timestamp":"2023-02-17T06:06:28.541Z"}
{"level":"info","message":"acl params","reqId":"00873f21-a6ad-4ec6-8ed5-30d21a83700c","timestamp":"2023-02-17T06:06:28.544Z"}
{"level":"info","message":"acl parsedParams","reqId":"00873f21-a6ad-4ec6-8ed5-30d21a83700c","timestamp":"2023-02-17T06:06:28.546Z"}
{"level":"info","message":"END: GET /api/uiSchemaTemplates:list?appends%5B%5D=collection&paginate=false","req":{"action":{"actionName":"list","params":{"actionName":"list","appends":["collection"],"paginate":"false","resourceName":"uiSchemaTemplates"},"resourceName":"uiSchemaTemplates"},"header":{"x-hostname":"localhost","x-locale":"id-ID","x-role":"root","x-timezone":"+07:00"}},"reqId":"00873f21-a6ad-4ec6-8ed5-30d21a83700c","res":{"status":200},"responseTime":35,"timestamp":"2023-02-17T06:06:28.560Z"}
{"level":"info","message":"BEGIN: GET /api/collections:list?paginate=false&appends%5B%5D=fields&appends%5B%5D=fields.uiSchema&sort%5B%5D=sort&filter=%7B%7D","reqId":"4f88e8aa-0bb9-46a6-b3ee-33582838e0bd","timestamp":"2023-02-17T06:06:28.806Z"}
{"level":"info","message":"Current user id: 1","reqId":"4f88e8aa-0bb9-46a6-b3ee-33582838e0bd","timestamp":"2023-02-17T06:06:28.818Z"}
{"can":{"action":"list","resource":"collections","role":"root"},"level":"info","message":"ctx permission","reqId":"4f88e8aa-0bb9-46a6-b3ee-33582838e0bd","skip":true,"timestamp":"2023-02-17T06:06:28.826Z"}
{"level":"info","message":"acl params","reqId":"4f88e8aa-0bb9-46a6-b3ee-33582838e0bd","timestamp":"2023-02-17T06:06:28.828Z"}
{"level":"info","message":"acl parsedParams","reqId":"4f88e8aa-0bb9-46a6-b3ee-33582838e0bd","timestamp":"2023-02-17T06:06:28.830Z"}
{"level":"info","message":"END: GET /api/collections:list?paginate=false&appends%5B%5D=fields&appends%5B%5D=fields.uiSchema&sort%5B%5D=sort&filter=%7B%7D","req":{"action":{"actionName":"list","params":{"actionName":"list","appends":["fields","fields.uiSchema"],"filter":{},"paginate":"false","resourceName":"collections","sort":["sort"]},"resourceName":"collections"},"header":{"x-hostname":"localhost","x-locale":"id-ID","x-role":"root","x-timezone":"+07:00"}},"reqId":"4f88e8aa-0bb9-46a6-b3ee-33582838e0bd","res":{"status":200},"responseTime":97,"timestamp":"2023-02-17T06:06:28.903Z"}
{"level":"info","message":"BEGIN: GET /api/roles:check","reqId":"8bcc0333-5df1-4796-93ef-5ce30dc98160","timestamp":"2023-02-17T06:06:29.000Z"}
{"level":"info","message":"Current user id: 1","reqId":"8bcc0333-5df1-4796-93ef-5ce30dc98160","timestamp":"2023-02-17T06:06:29.012Z"}
{"can":{"action":"check","resource":"roles","role":"root"},"level":"info","message":"ctx permission","reqId":"8bcc0333-5df1-4796-93ef-5ce30dc98160","skip":true,"timestamp":"2023-02-17T06:06:29.018Z"}
{"level":"info","message":"acl params","reqId":"8bcc0333-5df1-4796-93ef-5ce30dc98160","timestamp":"2023-02-17T06:06:29.020Z"}
{"level":"info","message":"acl parsedParams","reqId":"8bcc0333-5df1-4796-93ef-5ce30dc98160","timestamp":"2023-02-17T06:06:29.023Z"}
{"level":"info","message":"END: GET /api/roles:check","req":{"action":{"actionName":"check","params":{"actionName":"check","resourceName":"roles"},"resourceName":"roles"},"header":{"x-hostname":"localhost","x-locale":"id-ID","x-role":"root","x-timezone":"+07:00"}},"reqId":"8bcc0333-5df1-4796-93ef-5ce30dc98160","res":{"status":200},"responseTime":41,"timestamp":"2023-02-17T06:06:29.041Z"}
{"level":"info","message":"BEGIN: GET /api/uiSchemas:getJsonSchema/xh1mxs6genp","reqId":"067b9a64-58df-4678-b913-97781fe039f5","timestamp":"2023-02-17T06:06:29.384Z"}
{"level":"info","message":"Current user id: 1","reqId":"067b9a64-58df-4678-b913-97781fe039f5","timestamp":"2023-02-17T06:06:29.395Z"}
{"can":null,"level":"info","message":"ctx permission","reqId":"067b9a64-58df-4678-b913-97781fe039f5","skip":true,"timestamp":"2023-02-17T06:06:29.401Z"}
{"level":"info","message":"acl params","reqId":"067b9a64-58df-4678-b913-97781fe039f5","timestamp":"2023-02-17T06:06:29.403Z"}
{"level":"info","message":"acl parsedParams","reqId":"067b9a64-58df-4678-b913-97781fe039f5","timestamp":"2023-02-17T06:06:29.408Z"}
{"level":"info","message":"END: GET /api/uiSchemas:getJsonSchema/xh1mxs6genp","req":{"action":{"actionName":"getJsonSchema","params":{"actionName":"getJsonSchema","filterByTk":"xh1mxs6genp","resourceIndex":"xh1mxs6genp","resourceName":"uiSchemas"},"resourceName":"uiSchemas"},"header":{"x-hostname":"localhost","x-locale":"id-ID","x-role":"root","x-timezone":"+07:00"}},"reqId":"067b9a64-58df-4678-b913-97781fe039f5","res":{"status":200},"responseTime":32,"timestamp":"2023-02-17T06:06:29.416Z"}
{"level":"info","message":"BEGIN: GET /api/uiSchemas:getProperties/4s7frx07cp3","reqId":"3a749722-b964-4656-8b58-086a155a9169","timestamp":"2023-02-17T06:06:29.456Z"}
{"level":"info","message":"BEGIN: GET /storage/uploads/b0f81cdd52a6a84956664c46b9fd4821.webp","reqId":"2d409b86-20a9-4e02-9ab3-9261b38fc6ba","timestamp":"2023-02-17T06:06:29.468Z"}
{"level":"info","message":"END: GET /storage/uploads/b0f81cdd52a6a84956664c46b9fd4821.webp","req":{},"reqId":"2d409b86-20a9-4e02-9ab3-9261b38fc6ba","res":{"status":200},"responseTime":6,"timestamp":"2023-02-17T06:06:29.474Z"}
{"level":"info","message":"Current user id: 1","reqId":"3a749722-b964-4656-8b58-086a155a9169","timestamp":"2023-02-17T06:06:29.493Z"}
{"can":{"action":"getProperties","resource":"uiSchemas","role":"root"},"level":"info","message":"ctx permission","reqId":"3a749722-b964-4656-8b58-086a155a9169","skip":true,"timestamp":"2023-02-17T06:06:29.503Z"}
{"level":"info","message":"acl params","reqId":"3a749722-b964-4656-8b58-086a155a9169","timestamp":"2023-02-17T06:06:29.509Z"}
{"level":"info","message":"acl parsedParams","reqId":"3a749722-b964-4656-8b58-086a155a9169","timestamp":"2023-02-17T06:06:29.514Z"}
{"level":"info","message":"END: GET /api/uiSchemas:getProperties/4s7frx07cp3","req":{"action":{"actionName":"getProperties","params":{"actionName":"getProperties","filterByTk":"4s7frx07cp3","resourceIndex":"4s7frx07cp3","resourceName":"uiSchemas"},"resourceName":"uiSchemas"},"header":{"x-hostname":"localhost","x-locale":"id-ID","x-role":"root","x-timezone":"+07:00"}},"reqId":"3a749722-b964-4656-8b58-086a155a9169","res":{"status":200},"responseTime":61,"timestamp":"2023-02-17T06:06:29.518Z"}
{"level":"info","message":"BEGIN: GET /api/collections:list?pageSize=50&sort%5B%5D=sort&appends%5B%5D=fields&filter=%7B%22hidden%22%3A%7B%22%24isFalsy%22%3Atrue%7D%7D","reqId":"6d7eb58f-b72e-4eb7-920d-755b30fe7aec","timestamp":"2023-02-17T06:06:33.963Z"}
{"level":"info","message":"Current user id: 1","reqId":"6d7eb58f-b72e-4eb7-920d-755b30fe7aec","timestamp":"2023-02-17T06:06:33.987Z"}
{"can":{"action":"list","resource":"collections","role":"root"},"level":"info","message":"ctx permission","reqId":"6d7eb58f-b72e-4eb7-920d-755b30fe7aec","skip":true,"timestamp":"2023-02-17T06:06:34.002Z"}
{"level":"info","message":"acl params","reqId":"6d7eb58f-b72e-4eb7-920d-755b30fe7aec","timestamp":"2023-02-17T06:06:34.012Z"}
{"level":"info","message":"acl parsedParams","reqId":"6d7eb58f-b72e-4eb7-920d-755b30fe7aec","timestamp":"2023-02-17T06:06:34.016Z"}
{"level":"info","message":"END: GET /api/collections:list?pageSize=50&sort%5B%5D=sort&appends%5B%5D=fields&filter=%7B%22hidden%22%3A%7B%22%24isFalsy%22%3Atrue%7D%7D","req":{"action":{"actionName":"list","params":{"actionName":"list","appends":["fields"],"filter":{"hidden":{"$isFalsy":true}},"pageSize":"50","resourceName":"collections","sort":["sort"]},"resourceName":"collections"},"header":{"x-hostname":"localhost","x-locale":"id-ID","x-role":"root","x-timezone":"+07:00"}},"reqId":"6d7eb58f-b72e-4eb7-920d-755b30fe7aec","res":{"status":200},"responseTime":99,"timestamp":"2023-02-17T06:06:34.062Z"}
{"level":"info","message":"BEGIN: GET /api/availableActions:list","reqId":"db3f0dfa-c545-4870-a25f-527c3e49bc0e","timestamp":"2023-02-17T06:06:42.658Z"}
{"level":"info","message":"Current user id: 1","reqId":"db3f0dfa-c545-4870-a25f-527c3e49bc0e","timestamp":"2023-02-17T06:06:42.667Z"}
{"can":{"action":"list","resource":"availableActions","role":"root"},"level":"info","message":"ctx permission","reqId":"db3f0dfa-c545-4870-a25f-527c3e49bc0e","skip":true,"timestamp":"2023-02-17T06:06:42.680Z"}
{"level":"info","message":"acl params","reqId":"db3f0dfa-c545-4870-a25f-527c3e49bc0e","timestamp":"2023-02-17T06:06:42.682Z"}
{"level":"info","message":"acl parsedParams","reqId":"db3f0dfa-c545-4870-a25f-527c3e49bc0e","timestamp":"2023-02-17T06:06:42.684Z"}
{"level":"info","message":"END: GET /api/availableActions:list","req":{"action":{"actionName":"list","params":{"actionName":"list","resourceName":"availableActions"},"resourceName":"availableActions"},"header":{"x-hostname":"localhost","x-locale":"id-ID","x-role":"root","x-timezone":"+07:00"}},"reqId":"db3f0dfa-c545-4870-a25f-527c3e49bc0e","res":{"status":200},"responseTime":29,"timestamp":"2023-02-17T06:06:42.687Z"}
{"level":"info","message":"BEGIN: GET /api/roles:list?pageSize=50&showAnonymous=true&sort%5B%5D=createdAt&filter=%7B%22name%22%3A%7B%22%24ne%22%3A%22root%22%7D%7D","reqId":"b4b9a98b-136b-4efd-88d4-c172d19bb973","timestamp":"2023-02-17T06:06:42.964Z"}
{"level":"info","message":"Current user id: 1","reqId":"b4b9a98b-136b-4efd-88d4-c172d19bb973","timestamp":"2023-02-17T06:06:42.979Z"}
{"can":{"action":"list","resource":"roles","role":"root"},"level":"info","message":"ctx permission","reqId":"b4b9a98b-136b-4efd-88d4-c172d19bb973","skip":true,"timestamp":"2023-02-17T06:06:42.992Z"}
{"level":"info","message":"acl params","reqId":"b4b9a98b-136b-4efd-88d4-c172d19bb973","timestamp":"2023-02-17T06:06:42.996Z"}
{"level":"info","message":"acl parsedParams","reqId":"b4b9a98b-136b-4efd-88d4-c172d19bb973","timestamp":"2023-02-17T06:06:42.999Z"}
{"level":"info","message":"END: GET /api/roles:list?pageSize=50&showAnonymous=true&sort%5B%5D=createdAt&filter=%7B%22name%22%3A%7B%22%24ne%22%3A%22root%22%7D%7D","req":{"action":{"actionName":"list","params":{"actionName":"list","filter":{"name":{"$ne":"root"}},"pageSize":"50","resourceName":"roles","showAnonymous":"true","sort":["createdAt"]},"resourceName":"roles"},"header":{"x-hostname":"localhost","x-locale":"id-ID","x-role":"root","x-timezone":"+07:00"}},"reqId":"b4b9a98b-136b-4efd-88d4-c172d19bb973","res":{"status":200},"responseTime":56,"timestamp":"2023-02-17T06:06:43.020Z"}
{"level":"info","message":"BEGIN: GET /api/roles:get?filterByTk=member","reqId":"10bd2a4c-3fe2-4f8f-aeb5-4ec025fc64aa","timestamp":"2023-02-17T06:06:46.500Z"}
{"level":"info","message":"Current user id: 1","reqId":"10bd2a4c-3fe2-4f8f-aeb5-4ec025fc64aa","timestamp":"2023-02-17T06:06:46.520Z"}
{"can":{"action":"get","resource":"roles","role":"root"},"level":"info","message":"ctx permission","reqId":"10bd2a4c-3fe2-4f8f-aeb5-4ec025fc64aa","skip":true,"timestamp":"2023-02-17T06:06:46.536Z"}
{"level":"info","message":"acl params","reqId":"10bd2a4c-3fe2-4f8f-aeb5-4ec025fc64aa","timestamp":"2023-02-17T06:06:46.543Z"}
{"level":"info","message":"acl parsedParams","reqId":"10bd2a4c-3fe2-4f8f-aeb5-4ec025fc64aa","timestamp":"2023-02-17T06:06:46.549Z"}
{"level":"info","message":"END: GET /api/roles:get?filterByTk=member","req":{"action":{"actionName":"get","params":{"actionName":"get","filterByTk":"member","resourceName":"roles"},"resourceName":"roles"},"header":{"x-hostname":"localhost","x-locale":"id-ID","x-role":"root","x-timezone":"+07:00"}},"reqId":"10bd2a4c-3fe2-4f8f-aeb5-4ec025fc64aa","res":{"status":200},"responseTime":84,"timestamp":"2023-02-17T06:06:46.585Z"}
{"level":"info","message":"BEGIN: GET /api/roles/member/collections:list?pageSize=20&sort%5B%5D=sort&appends%5B%5D=fields&filter=%7B%22hidden%22%3A%7B%22%24isFalsy%22%3Atrue%7D%7D","reqId":"08e7f835-e608-4974-9dd8-2300b60c0add","timestamp":"2023-02-17T06:06:58.032Z"}
{"level":"info","message":"Current user id: 1","reqId":"08e7f835-e608-4974-9dd8-2300b60c0add","timestamp":"2023-02-17T06:06:58.048Z"}
{"can":{"action":"list","resource":"roles.collections","role":"root"},"level":"info","message":"ctx permission","reqId":"08e7f835-e608-4974-9dd8-2300b60c0add","skip":true,"timestamp":"2023-02-17T06:06:58.055Z"}
{"level":"info","message":"acl params","reqId":"08e7f835-e608-4974-9dd8-2300b60c0add","timestamp":"2023-02-17T06:06:58.058Z"}
{"level":"info","message":"acl parsedParams","reqId":"08e7f835-e608-4974-9dd8-2300b60c0add","timestamp":"2023-02-17T06:06:58.060Z"}
{"level":"info","message":"END: GET /api/roles/member/collections:list?pageSize=20&sort%5B%5D=sort&appends%5B%5D=fields&filter=%7B%22hidden%22%3A%7B%22%24isFalsy%22%3Atrue%7D%7D","req":{"action":{"actionName":"list","params":{"actionName":"list","appends":["fields"],"associatedIndex":"member","associatedName":"roles","filter":{"hidden":{"$isFalsy":true}},"pageSize":"20","resourceName":"collections","sort":["sort"]},"resourceName":"roles.collections","resourceOf":"member"},"header":{"x-hostname":"localhost","x-locale":"id-ID","x-role":"root","x-timezone":"+07:00"}},"reqId":"08e7f835-e608-4974-9dd8-2300b60c0add","res":{"status":200},"responseTime":51,"timestamp":"2023-02-17T06:06:58.083Z"}
{"level":"info","message":"BEGIN: GET /api/uiSchemas:getProperties/xh1mxs6genp","reqId":"0525bb13-2c4b-47f8-9662-5240076ab6c6","timestamp":"2023-02-17T06:06:58.547Z"}
{"level":"info","message":"Current user id: 1","reqId":"0525bb13-2c4b-47f8-9662-5240076ab6c6","timestamp":"2023-02-17T06:06:58.560Z"}
{"can":{"action":"getProperties","resource":"uiSchemas","role":"root"},"level":"info","message":"ctx permission","reqId":"0525bb13-2c4b-47f8-9662-5240076ab6c6","skip":true,"timestamp":"2023-02-17T06:06:58.568Z"}
{"level":"info","message":"acl params","reqId":"0525bb13-2c4b-47f8-9662-5240076ab6c6","timestamp":"2023-02-17T06:06:58.572Z"}
{"level":"info","message":"acl parsedParams","reqId":"0525bb13-2c4b-47f8-9662-5240076ab6c6","timestamp":"2023-02-17T06:06:58.576Z"}
{"level":"info","message":"END: GET /api/uiSchemas:getProperties/xh1mxs6genp","req":{"action":{"actionName":"getProperties","params":{"actionName":"getProperties","filterByTk":"xh1mxs6genp","resourceIndex":"xh1mxs6genp","resourceName":"uiSchemas"},"resourceName":"uiSchemas"},"header":{"x-hostname":"localhost","x-locale":"id-ID","x-role":"root","x-timezone":"+07:00"}},"reqId":"0525bb13-2c4b-47f8-9662-5240076ab6c6","res":{"status":200},"responseTime":36,"timestamp":"2023-02-17T06:06:58.583Z"}
{"level":"info","message":"BEGIN: GET /api/roles/member/menuUiSchemas:list?paginate=false","reqId":"b00885c8-c338-4dc1-9be2-1dc594f8737b","timestamp":"2023-02-17T06:06:58.924Z"}
{"level":"info","message":"Current user id: 1","reqId":"b00885c8-c338-4dc1-9be2-1dc594f8737b","timestamp":"2023-02-17T06:06:58.935Z"}
{"can":{"action":"list","resource":"roles.menuUiSchemas","role":"root"},"level":"info","message":"ctx permission","reqId":"b00885c8-c338-4dc1-9be2-1dc594f8737b","skip":true,"timestamp":"2023-02-17T06:06:58.944Z"}
{"level":"info","message":"acl params","reqId":"b00885c8-c338-4dc1-9be2-1dc594f8737b","timestamp":"2023-02-17T06:06:58.947Z"}
{"level":"info","message":"acl parsedParams","reqId":"b00885c8-c338-4dc1-9be2-1dc594f8737b","timestamp":"2023-02-17T06:06:58.949Z"}
{"level":"info","message":"END: GET /api/roles/member/menuUiSchemas:list?paginate=false","req":{"action":{"actionName":"list","params":{"actionName":"list","associatedIndex":"member","associatedName":"roles","paginate":"false","resourceName":"menuUiSchemas"},"resourceName":"roles.menuUiSchemas","resourceOf":"member"},"header":{"x-hostname":"localhost","x-locale":"id-ID","x-role":"root","x-timezone":"+07:00"}},"reqId":"b00885c8-c338-4dc1-9be2-1dc594f8737b","res":{"status":200},"responseTime":84,"timestamp":"2023-02-17T06:06:59.008Z"}
{"level":"info","message":"BEGIN: GET /api/availableActions:list","reqId":"fb18635d-2867-4a14-a896-0c8c8571b9f1","timestamp":"2023-02-17T06:14:43.006Z"}
{"level":"info","message":"Current user id: 1","reqId":"fb18635d-2867-4a14-a896-0c8c8571b9f1","timestamp":"2023-02-17T06:14:45.525Z"}
{"can":{"action":"list","resource":"availableActions","role":"root"},"level":"info","message":"ctx permission","reqId":"fb18635d-2867-4a14-a896-0c8c8571b9f1","skip":true,"timestamp":"2023-02-17T06:14:45.616Z"}
{"level":"info","message":"acl params","reqId":"fb18635d-2867-4a14-a896-0c8c8571b9f1","timestamp":"2023-02-17T06:14:45.618Z"}
{"level":"info","message":"acl parsedParams","reqId":"fb18635d-2867-4a14-a896-0c8c8571b9f1","timestamp":"2023-02-17T06:14:45.664Z"}
{"level":"info","message":"END: GET /api/availableActions:list","req":{"action":{"actionName":"list","params":{"actionName":"list","resourceName":"availableActions"},"resourceName":"availableActions"},"header":{"x-hostname":"localhost","x-locale":"id-ID","x-role":"root","x-timezone":"+07:00"}},"reqId":"fb18635d-2867-4a14-a896-0c8c8571b9f1","res":{"status":200},"responseTime":2830,"timestamp":"2023-02-17T06:14:45.667Z"}
{"level":"info","message":"BEGIN: GET /api/roles:list?pageSize=50&showAnonymous=true&sort%5B%5D=createdAt&filter=%7B%22name%22%3A%7B%22%24ne%22%3A%22root%22%7D%7D","reqId":"eab5864b-7d8b-4a80-84ba-f6f6a8b0401b","timestamp":"2023-02-17T06:14:47.328Z"}
{"level":"info","message":"Current user id: 1","reqId":"eab5864b-7d8b-4a80-84ba-f6f6a8b0401b","timestamp":"2023-02-17T06:14:47.772Z"}
{"can":{"action":"list","resource":"roles","role":"root"},"level":"info","message":"ctx permission","reqId":"eab5864b-7d8b-4a80-84ba-f6f6a8b0401b","skip":true,"timestamp":"2023-02-17T06:14:47.814Z"}
{"level":"info","message":"acl params","reqId":"eab5864b-7d8b-4a80-84ba-f6f6a8b0401b","timestamp":"2023-02-17T06:14:47.816Z"}
{"level":"info","message":"acl parsedParams","reqId":"eab5864b-7d8b-4a80-84ba-f6f6a8b0401b","timestamp":"2023-02-17T06:14:47.818Z"}
{"level":"info","message":"END: GET /api/roles:list?pageSize=50&showAnonymous=true&sort%5B%5D=createdAt&filter=%7B%22name%22%3A%7B%22%24ne%22%3A%22root%22%7D%7D","req":{"action":{"actionName":"list","params":{"actionName":"list","filter":{"name":{"$ne":"root"}},"pageSize":"50","resourceName":"roles","showAnonymous":"true","sort":["createdAt"]},"resourceName":"roles"},"header":{"x-hostname":"localhost","x-locale":"id-ID","x-role":"root","x-timezone":"+07:00"}},"reqId":"eab5864b-7d8b-4a80-84ba-f6f6a8b0401b","res":{"status":200},"responseTime":612,"timestamp":"2023-02-17T06:14:47.940Z"}
{"level":"info","message":"BEGIN: GET /api/roles:get?filterByTk=member","reqId":"405c5378-c803-45a5-b624-fdfe4e144db4","timestamp":"2023-02-17T06:14:53.710Z"}
{"level":"info","message":"Current user id: 1","reqId":"405c5378-c803-45a5-b624-fdfe4e144db4","timestamp":"2023-02-17T06:14:53.724Z"}
{"can":{"action":"get","resource":"roles","role":"root"},"level":"info","message":"ctx permission","reqId":"405c5378-c803-45a5-b624-fdfe4e144db4","skip":true,"timestamp":"2023-02-17T06:14:53.730Z"}
{"level":"info","message":"acl params","reqId":"405c5378-c803-45a5-b624-fdfe4e144db4","timestamp":"2023-02-17T06:14:53.732Z"}
{"level":"info","message":"acl parsedParams","reqId":"405c5378-c803-45a5-b624-fdfe4e144db4","timestamp":"2023-02-17T06:14:53.734Z"}
{"level":"info","message":"END: GET /api/roles:get?filterByTk=member","req":{"action":{"actionName":"get","params":{"actionName":"get","filterByTk":"member","resourceName":"roles"},"resourceName":"roles"},"header":{"x-hostname":"localhost","x-locale":"id-ID","x-role":"root","x-timezone":"+07:00"}},"reqId":"405c5378-c803-45a5-b624-fdfe4e144db4","res":{"status":200},"responseTime":133,"timestamp":"2023-02-17T06:14:53.843Z"}
{"level":"info","message":"BEGIN: GET /api/roles/member/collections:list?pageSize=20&sort%5B%5D=sort&appends%5B%5D=fields&filter=%7B%22hidden%22%3A%7B%22%24isFalsy%22%3Atrue%7D%7D","reqId":"c8a5b676-b995-4402-9fee-bfa15e0f27a5","timestamp":"2023-02-17T06:15:09.497Z"}
{"level":"info","message":"Current user id: 1","reqId":"c8a5b676-b995-4402-9fee-bfa15e0f27a5","timestamp":"2023-02-17T06:15:09.526Z"}
{"can":{"action":"list","resource":"roles.collections","role":"root"},"level":"info","message":"ctx permission","reqId":"c8a5b676-b995-4402-9fee-bfa15e0f27a5","skip":true,"timestamp":"2023-02-17T06:15:09.532Z"}
{"level":"info","message":"acl params","reqId":"c8a5b676-b995-4402-9fee-bfa15e0f27a5","timestamp":"2023-02-17T06:15:09.534Z"}
{"level":"info","message":"acl parsedParams","reqId":"c8a5b676-b995-4402-9fee-bfa15e0f27a5","timestamp":"2023-02-17T06:15:09.618Z"}
{"level":"info","message":"END: GET /api/roles/member/collections:list?pageSize=20&sort%5B%5D=sort&appends%5B%5D=fields&filter=%7B%22hidden%22%3A%7B%22%24isFalsy%22%3Atrue%7D%7D","req":{"action":{"actionName":"list","params":{"actionName":"list","appends":["fields"],"associatedIndex":"member","associatedName":"roles","filter":{"hidden":{"$isFalsy":true}},"pageSize":"20","resourceName":"collections","sort":["sort"]},"resourceName":"roles.collections","resourceOf":"member"},"header":{"x-hostname":"localhost","x-locale":"id-ID","x-role":"root","x-timezone":"+07:00"}},"reqId":"c8a5b676-b995-4402-9fee-bfa15e0f27a5","res":{"status":200},"responseTime":320,"timestamp":"2023-02-17T06:15:09.817Z"}
{"level":"info","message":"BEGIN: POST /api/users:signout","reqId":"1593c681-61a7-444e-a4a5-6f2f92c10790","timestamp":"2023-02-17T06:30:34.757Z"}
{"level":"info","message":"Current user id: 1","reqId":"1593c681-61a7-444e-a4a5-6f2f92c10790","timestamp":"2023-02-17T06:30:36.384Z"}
{"can":null,"level":"info","message":"ctx permission","reqId":"1593c681-61a7-444e-a4a5-6f2f92c10790","skip":true,"timestamp":"2023-02-17T06:30:36.494Z"}
{"level":"info","message":"acl params","reqId":"1593c681-61a7-444e-a4a5-6f2f92c10790","timestamp":"2023-02-17T06:30:36.509Z"}
{"level":"info","message":"acl parsedParams","reqId":"1593c681-61a7-444e-a4a5-6f2f92c10790","timestamp":"2023-02-17T06:30:36.531Z"}
{"level":"info","message":"END: POST /api/users:signout","req":{"action":{"actionName":"signout","params":{"actionName":"signout","resourceName":"users"},"resourceName":"users"},"header":{"x-hostname":"localhost","x-locale":"id-ID","x-role":"root","x-timezone":"+07:00"}},"reqId":"1593c681-61a7-444e-a4a5-6f2f92c10790","res":{"status":200},"responseTime":1864,"timestamp":"2023-02-17T06:30:36.584Z"}
{"level":"info","message":"BEGIN: GET /dev-server/info?t=1676616131447","reqId":"07019367-005a-4f7c-a618-61e44b78b8cf","timestamp":"2023-02-17T06:42:11.798Z"}
{"level":"info","message":"END: GET /dev-server/info?t=1676616131447","req":{},"reqId":"07019367-005a-4f7c-a618-61e44b78b8cf","res":{"status":200},"responseTime":316,"timestamp":"2023-02-17T06:42:12.101Z"}
{"level":"info","message":"BEGIN: GET /dev-server/743/ejvbjwup/websocket","reqId":"a32c2bf1-6c70-4040-817a-4131e2cd33ea","timestamp":"2023-02-17T06:42:12.452Z"}
{"level":"info","message":"END: GET /dev-server/743/ejvbjwup/websocket","req":{},"reqId":"a32c2bf1-6c70-4040-817a-4131e2cd33ea","res":{"status":200},"responseTime":4,"timestamp":"2023-02-17T06:42:12.456Z"}
{"level":"info","message":"BEGIN: POST /dev-server/743/hsk0nwxn/xhr_streaming?t=1676616132493","reqId":"f50c3f8a-c16e-4dac-bb8c-ad1b4d3489d8","timestamp":"2023-02-17T06:42:12.522Z"}
{"level":"info","message":"END: POST /dev-server/743/hsk0nwxn/xhr_streaming?t=1676616132493","req":{},"reqId":"f50c3f8a-c16e-4dac-bb8c-ad1b4d3489d8","res":{"status":200},"responseTime":4,"timestamp":"2023-02-17T06:42:12.526Z"}
{"level":"info","message":"BEGIN: POST /dev-server/743/hsk0nwxn/xhr_streaming?t=1676616132538","reqId":"a30cf75c-1f6b-4095-aa59-4e1bb503be30","timestamp":"2023-02-17T06:42:12.536Z"}
{"level":"info","message":"END: POST /dev-server/743/hsk0nwxn/xhr_streaming?t=1676616132538","req":{},"reqId":"a30cf75c-1f6b-4095-aa59-4e1bb503be30","res":{"status":200},"responseTime":3,"timestamp":"2023-02-17T06:42:12.539Z"}
{"level":"info","message":"BEGIN: POST /dev-server/743/hsk0nwxn/xhr_streaming?t=1676616132586","reqId":"ea4a9c10-4c3d-40c0-a045-426b354dcaf4","timestamp":"2023-02-17T06:42:12.897Z"}
{"level":"info","message":"END: POST /dev-server/743/hsk0nwxn/xhr_streaming?t=1676616132586","req":{},"reqId":"ea4a9c10-4c3d-40c0-a045-426b354dcaf4","res":{"status":200},"responseTime":7,"timestamp":"2023-02-17T06:42:12.904Z"}
{"level":"info","message":"BEGIN: POST /dev-server/743/hsk0nwxn/xhr_streaming?t=1676616132924","reqId":"bb5de16b-ba2e-4e66-93af-f725baf8bd52","timestamp":"2023-02-17T06:42:12.923Z"}
{"level":"info","message":"END: POST /dev-server/743/hsk0nwxn/xhr_streaming?t=1676616132924","req":{},"reqId":"bb5de16b-ba2e-4e66-93af-f725baf8bd52","res":{"status":200},"responseTime":3,"timestamp":"2023-02-17T06:42:12.926Z"}
{"level":"info","message":"BEGIN: POST /dev-server/743/hsk0nwxn/xhr_streaming?t=1676616132939","reqId":"bcced96f-a5d5-49d4-bdb7-62ee0d461f8c","timestamp":"2023-02-17T06:42:12.938Z"}
{"level":"info","message":"END: POST /dev-server/743/hsk0nwxn/xhr_streaming?t=1676616132939","req":{},"reqId":"bcced96f-a5d5-49d4-bdb7-62ee0d461f8c","res":{"status":200},"responseTime":3,"timestamp":"2023-02-17T06:42:12.941Z"}
{"level":"info","message":"BEGIN: POST /dev-server/743/hsk0nwxn/xhr_streaming?t=1676616132955","reqId":"3b9f085e-7eb9-4262-8d24-03b864f5ab02","timestamp":"2023-02-17T06:42:12.954Z"}
{"level":"info","message":"END: POST /dev-server/743/hsk0nwxn/xhr_streaming?t=1676616132955","req":{},"reqId":"3b9f085e-7eb9-4262-8d24-03b864f5ab02","res":{"status":200},"responseTime":4,"timestamp":"2023-02-17T06:42:12.958Z"}
{"level":"info","message":"BEGIN: POST /dev-server/743/hsk0nwxn/xhr_streaming?t=1676616132971","reqId":"3db44329-c079-4850-b897-19cb9771db30","timestamp":"2023-02-17T06:42:12.969Z"}
{"level":"info","message":"END: POST /dev-server/743/hsk0nwxn/xhr_streaming?t=1676616132971","req":{},"reqId":"3db44329-c079-4850-b897-19cb9771db30","res":{"status":200},"responseTime":4,"timestamp":"2023-02-17T06:42:12.973Z"}
{"level":"info","message":"BEGIN: POST /dev-server/743/hsk0nwxn/xhr_streaming?t=1676616132987","reqId":"2d8d571c-735c-4999-9da4-27580723765d","timestamp":"2023-02-17T06:42:12.986Z"}
{"level":"info","message":"END: POST /dev-server/743/hsk0nwxn/xhr_streaming?t=1676616132987","req":{},"reqId":"2d8d571c-735c-4999-9da4-27580723765d","res":{"status":200},"responseTime":29,"timestamp":"2023-02-17T06:42:13.016Z"}
{"level":"info","message":"BEGIN: POST /dev-server/743/hsk0nwxn/xhr_streaming?t=1676616133030","reqId":"e7727c8f-0d5e-46e7-89bc-90097bedf6e4","timestamp":"2023-02-17T06:42:13.030Z"}
{"level":"info","message":"END: POST /dev-server/743/hsk0nwxn/xhr_streaming?t=1676616133030","req":{},"reqId":"e7727c8f-0d5e-46e7-89bc-90097bedf6e4","res":{"status":200},"responseTime":8,"timestamp":"2023-02-17T06:42:13.037Z"}
{"level":"info","message":"BEGIN: POST /dev-server/743/hsk0nwxn/xhr_streaming?t=1676616133049","reqId":"548f58f6-76b6-408e-88fb-5e6df3f99566","timestamp":"2023-02-17T06:42:13.050Z"}
{"level":"info","message":"END: POST /dev-server/743/hsk0nwxn/xhr_streaming?t=1676616133049","req":{},"reqId":"548f58f6-76b6-408e-88fb-5e6df3f99566","res":{"status":200},"responseTime":4,"timestamp":"2023-02-17T06:42:13.054Z"}
{"level":"info","message":"BEGIN: POST /dev-server/743/hsk0nwxn/xhr_streaming?t=1676616133065","reqId":"744cca5a-a59c-4d2a-bb73-89c3c270c043","timestamp":"2023-02-17T06:42:13.065Z"}
{"level":"info","message":"END: POST /dev-server/743/hsk0nwxn/xhr_streaming?t=1676616133065","req":{},"reqId":"744cca5a-a59c-4d2a-bb73-89c3c270c043","res":{"status":200},"responseTime":5,"timestamp":"2023-02-17T06:42:13.070Z"}
{"level":"info","message":"BEGIN: POST /dev-server/743/hsk0nwxn/xhr_streaming?t=1676616133082","reqId":"919e80b9-dd90-4f3a-b9e3-9f29153a878d","timestamp":"2023-02-17T06:42:13.081Z"}
{"level":"info","message":"END: POST /dev-server/743/hsk0nwxn/xhr_streaming?t=1676616133082","req":{},"reqId":"919e80b9-dd90-4f3a-b9e3-9f29153a878d","res":{"status":200},"responseTime":6,"timestamp":"2023-02-17T06:42:13.086Z"}
{"level":"info","message":"BEGIN: POST /dev-server/743/hsk0nwxn/xhr_streaming?t=1676616133108","reqId":"57599090-3a78-4506-a3c8-91e523697777","timestamp":"2023-02-17T06:42:13.107Z"}
{"level":"info","message":"END: POST /dev-server/743/hsk0nwxn/xhr_streaming?t=1676616133108","req":{},"reqId":"57599090-3a78-4506-a3c8-91e523697777","res":{"status":200},"responseTime":2,"timestamp":"2023-02-17T06:42:13.109Z"}
{"level":"info","message":"BEGIN: POST /dev-server/743/hsk0nwxn/xhr_streaming?t=1676616133120","reqId":"1e1bc479-49b4-4320-ad0c-46235533c66c","timestamp":"2023-02-17T06:42:13.118Z"}
{"level":"info","message":"END: POST /dev-server/743/hsk0nwxn/xhr_streaming?t=1676616133120","req":{},"reqId":"1e1bc479-49b4-4320-ad0c-46235533c66c","res":{"status":200},"responseTime":3,"timestamp":"2023-02-17T06:42:13.121Z"}
{"level":"info","message":"BEGIN: POST /dev-server/743/hsk0nwxn/xhr_streaming?t=1676616133133","reqId":"a1b21716-a62c-4889-94b4-01abe7a1255e","timestamp":"2023-02-17T06:42:13.132Z"}
{"level":"info","message":"END: POST /dev-server/743/hsk0nwxn/xhr_streaming?t=1676616133133","req":{},"reqId":"a1b21716-a62c-4889-94b4-01abe7a1255e","res":{"status":200},"responseTime":4,"timestamp":"2023-02-17T06:42:13.137Z"}
{"level":"info","message":"BEGIN: POST /dev-server/743/hsk0nwxn/xhr_streaming?t=1676616133149","reqId":"4dbf791f-4c91-4ea0-8f8d-476db831c46a","timestamp":"2023-02-17T06:42:13.148Z"}
{"level":"info","message":"END: POST /dev-server/743/hsk0nwxn/xhr_streaming?t=1676616133149","req":{},"reqId":"4dbf791f-4c91-4ea0-8f8d-476db831c46a","res":{"status":200},"responseTime":3,"timestamp":"2023-02-17T06:42:13.151Z"}
{"level":"info","message":"BEGIN: POST /dev-server/743/hsk0nwxn/xhr_streaming?t=1676616133163","reqId":"7e62e98c-04f5-451c-9121-783bae4392ec","timestamp":"2023-02-17T06:42:13.161Z"}
{"level":"info","message":"END: POST /dev-server/743/hsk0nwxn/xhr_streaming?t=1676616133163","req":{},"reqId":"7e62e98c-04f5-451c-9121-783bae4392ec","res":{"status":200},"responseTime":4,"timestamp":"2023-02-17T06:42:13.165Z"}
{"level":"info","message":"BEGIN: POST /dev-server/743/hsk0nwxn/xhr_streaming?t=1676616133175","reqId":"2798e97d-2745-4c49-8709-b7700901ef2a","timestamp":"2023-02-17T06:42:13.174Z"}
{"level":"info","message":"END: POST /dev-server/743/hsk0nwxn/xhr_streaming?t=1676616133175","req":{},"reqId":"2798e97d-2745-4c49-8709-b7700901ef2a","res":{"status":200},"responseTime":5,"timestamp":"2023-02-17T06:42:13.179Z"}
{"level":"info","message":"BEGIN: POST /dev-server/743/hsk0nwxn/xhr_streaming?t=1676616133191","reqId":"6e1a84fa-3110-40a1-a620-e6d445796328","timestamp":"2023-02-17T06:42:13.189Z"}
{"level":"info","message":"END: POST /dev-server/743/hsk0nwxn/xhr_streaming?t=1676616133191","req":{},"reqId":"6e1a84fa-3110-40a1-a620-e6d445796328","res":{"status":200},"responseTime":2,"timestamp":"2023-02-17T06:42:13.191Z"}
{"level":"info","message":"BEGIN: POST /dev-server/743/hsk0nwxn/xhr_streaming?t=1676616133204","reqId":"fe45b943-95e8-4c35-af68-873ba23264f9","timestamp":"2023-02-17T06:42:13.203Z"}
{"level":"info","message":"END: POST /dev-server/743/hsk0nwxn/xhr_streaming?t=1676616133204","req":{},"reqId":"fe45b943-95e8-4c35-af68-873ba23264f9","res":{"status":200},"responseTime":4,"timestamp":"2023-02-17T06:42:13.207Z"}
{"level":"info","message":"BEGIN: POST /dev-server/743/hsk0nwxn/xhr_streaming?t=1676616133218","reqId":"a24f2406-f693-422d-80c0-ca42557d90bd","timestamp":"2023-02-17T06:42:13.217Z"}
{"level":"info","message":"END: POST /dev-server/743/hsk0nwxn/xhr_streaming?t=1676616133218","req":{},"reqId":"a24f2406-f693-422d-80c0-ca42557d90bd","res":{"status":200},"responseTime":3,"timestamp":"2023-02-17T06:42:13.220Z"}
{"level":"info","message":"BEGIN: POST /dev-server/743/hsk0nwxn/xhr_streaming?t=1676616133232","reqId":"4cb512a5-bf33-40f2-b959-653ff962b737","timestamp":"2023-02-17T06:42:13.231Z"}
{"level":"info","message":"END: POST /dev-server/743/hsk0nwxn/xhr_streaming?t=1676616133232","req":{},"reqId":"4cb512a5-bf33-40f2-b959-653ff962b737","res":{"status":200},"responseTime":6,"timestamp":"2023-02-17T06:42:13.237Z"}
{"level":"info","message":"BEGIN: POST /dev-server/743/hsk0nwxn/xhr_streaming?t=1676616133249","reqId":"09858952-4d34-436a-9e9e-4643c12ed099","timestamp":"2023-02-17T06:42:13.248Z"}
{"level":"info","message":"END: POST /dev-server/743/hsk0nwxn/xhr_streaming?t=1676616133249","req":{},"reqId":"09858952-4d34-436a-9e9e-4643c12ed099","res":{"status":200},"responseTime":4,"timestamp":"2023-02-17T06:42:13.251Z"}
{"level":"info","message":"BEGIN: POST /dev-server/743/hsk0nwxn/xhr_streaming?t=1676616133262","reqId":"ed739f5d-5f97-4a52-a175-a5223af9788a","timestamp":"2023-02-17T06:42:13.261Z"}
{"level":"info","message":"END: POST /dev-server/743/hsk0nwxn/xhr_streaming?t=1676616133262","req":{},"reqId":"ed739f5d-5f97-4a52-a175-a5223af9788a","res":{"status":200},"responseTime":5,"timestamp":"2023-02-17T06:42:13.266Z"}
{"level":"info","message":"BEGIN: POST /dev-server/743/hsk0nwxn/xhr_streaming?t=1676616133278","reqId":"2b62b1bb-efdd-44c4-94b9-bf0383fab47a","timestamp":"2023-02-17T06:42:13.276Z"}
{"level":"info","message":"END: POST /dev-server/743/hsk0nwxn/xhr_streaming?t=1676616133278","req":{},"reqId":"2b62b1bb-efdd-44c4-94b9-bf0383fab47a","res":{"status":200},"responseTime":3,"timestamp":"2023-02-17T06:42:13.279Z"}
{"level":"info","message":"BEGIN: POST /dev-server/743/hsk0nwxn/xhr_streaming?t=1676616133295","reqId":"ff63ee40-f1b5-4be4-9a0f-32e0255b4ffa","timestamp":"2023-02-17T06:42:13.294Z"}
{"level":"info","message":"END: POST /dev-server/743/hsk0nwxn/xhr_streaming?t=1676616133295","req":{},"reqId":"ff63ee40-f1b5-4be4-9a0f-32e0255b4ffa","res":{"status":200},"responseTime":4,"timestamp":"2023-02-17T06:42:13.298Z"}
{"level":"info","message":"BEGIN: POST /dev-server/743/hsk0nwxn/xhr_streaming?t=1676616133311","reqId":"35bae6cd-96f5-4c3c-8228-623b56b25a9e","timestamp":"2023-02-17T06:42:13.310Z"}
{"level":"info","message":"END: POST /dev-server/743/hsk0nwxn/xhr_streaming?t=1676616133311","req":{},"reqId":"35bae6cd-96f5-4c3c-8228-623b56b25a9e","res":{"status":200},"responseTime":4,"timestamp":"2023-02-17T06:42:13.314Z"}
{"level":"info","message":"BEGIN: GET /signin","reqId":"930a775b-ae39-4e66-8723-703efa4731dc","timestamp":"2023-02-17T06:42:23.477Z"}
{"level":"info","message":"END: GET /signin","req":{},"reqId":"930a775b-ae39-4e66-8723-703efa4731dc","res":{"status":200},"responseTime":6,"timestamp":"2023-02-17T06:42:23.483Z"}
{"level":"info","message":"BEGIN: GET /umi.6b5b98b5.css","reqId":"e3de2822-4f7e-4e1f-b046-08f47b096be1","timestamp":"2023-02-17T06:42:26.090Z"}
{"level":"info","message":"BEGIN: GET /umi.d6d8f031.js","reqId":"960f1ef0-b2b2-4acf-bb2b-e27984a4d23a","timestamp":"2023-02-17T06:42:26.091Z"}
{"level":"info","message":"END: GET /umi.6b5b98b5.css","req":{},"reqId":"e3de2822-4f7e-4e1f-b046-08f47b096be1","res":{"status":200},"responseTime":154,"timestamp":"2023-02-17T06:42:26.244Z"}
{"level":"info","message":"END: GET /umi.d6d8f031.js","req":{},"reqId":"960f1ef0-b2b2-4acf-bb2b-e27984a4d23a","res":{"status":200},"responseTime":154,"timestamp":"2023-02-17T06:42:26.245Z"}
{"level":"info","message":"BEGIN: GET /api/app:getLang","reqId":"fdaeb55a-d42d-482e-b19a-2642f61cbc42","timestamp":"2023-02-17T06:42:30.071Z"}
{"can":null,"level":"info","message":"ctx permission","reqId":"fdaeb55a-d42d-482e-b19a-2642f61cbc42","skip":true,"timestamp":"2023-02-17T06:42:30.081Z"}
{"level":"info","message":"acl params","reqId":"fdaeb55a-d42d-482e-b19a-2642f61cbc42","timestamp":"2023-02-17T06:42:30.082Z"}
{"level":"info","message":"acl parsedParams","reqId":"fdaeb55a-d42d-482e-b19a-2642f61cbc42","timestamp":"2023-02-17T06:42:30.438Z"}
{"level":"info","message":"BEGIN: GET /api/app:getPlugins","reqId":"5d62d76c-3f5f-4072-907f-8e3da09ed655","timestamp":"2023-02-17T06:42:30.442Z"}
{"can":null,"level":"info","message":"ctx permission","reqId":"5d62d76c-3f5f-4072-907f-8e3da09ed655","skip":true,"timestamp":"2023-02-17T06:42:30.443Z"}
{"level":"info","message":"acl params","reqId":"5d62d76c-3f5f-4072-907f-8e3da09ed655","timestamp":"2023-02-17T06:42:30.444Z"}
{"level":"info","message":"acl parsedParams","reqId":"5d62d76c-3f5f-4072-907f-8e3da09ed655","timestamp":"2023-02-17T06:42:30.444Z"}
{"level":"info","message":"BEGIN: GET /favicon/site.webmanifest","reqId":"d665b7fd-0d93-4b03-a0ab-dfb5f625a28e","timestamp":"2023-02-17T06:42:30.448Z"}
{"level":"info","message":"END: GET /api/app:getPlugins","req":{"action":{"actionName":"getPlugins","params":{"actionName":"getPlugins","resourceName":"app"},"resourceName":"app"},"header":{"x-hostname":"localhost","x-timezone":"+07:00"}},"reqId":"5d62d76c-3f5f-4072-907f-8e3da09ed655","res":{"status":200},"responseTime":348,"timestamp":"2023-02-17T06:42:30.790Z"}
{"level":"info","message":"BEGIN: GET /favicon/favicon-32x32.png","reqId":"4e49d47a-4576-49ef-ae50-09e32a354e5a","timestamp":"2023-02-17T06:42:30.792Z"}
{"level":"info","message":"END: GET /api/app:getLang","req":{"action":{"actionName":"getLang","params":{"actionName":"getLang","resourceName":"app"},"resourceName":"app"},"header":{"x-hostname":"localhost","x-timezone":"+07:00"}},"reqId":"fdaeb55a-d42d-482e-b19a-2642f61cbc42","res":{"status":200},"responseTime":3458,"timestamp":"2023-02-17T06:42:33.529Z"}
{"level":"info","message":"BEGIN: GET /10.f607f420.async.js","reqId":"0da71ace-1627-4fe2-a88b-8ebcbd9beef4","timestamp":"2023-02-17T06:42:33.532Z"}
{"level":"info","message":"END: GET /favicon/favicon-32x32.png","req":{},"reqId":"4e49d47a-4576-49ef-ae50-09e32a354e5a","res":{"status":200},"responseTime":2743,"timestamp":"2023-02-17T06:42:33.535Z"}
{"level":"info","message":"END: GET /favicon/site.webmanifest","req":{},"reqId":"d665b7fd-0d93-4b03-a0ab-dfb5f625a28e","res":{"status":200},"responseTime":3089,"timestamp":"2023-02-17T06:42:33.537Z"}
{"level":"info","message":"END: GET /10.f607f420.async.js","req":{},"reqId":"0da71ace-1627-4fe2-a88b-8ebcbd9beef4","res":{"status":200},"responseTime":66,"timestamp":"2023-02-17T06:42:33.598Z"}
{"level":"info","message":"BEGIN: GET /18.35203dda.async.js","reqId":"949d5c2e-6006-45ad-a346-6b8117ef096a","timestamp":"2023-02-17T06:42:33.657Z"}
{"level":"info","message":"END: GET /18.35203dda.async.js","req":{},"reqId":"949d5c2e-6006-45ad-a346-6b8117ef096a","res":{"status":200},"responseTime":1,"timestamp":"2023-02-17T06:42:33.658Z"}
{"level":"info","message":"BEGIN: GET /6.8c194cea.async.js","reqId":"3cbaed14-f341-4f50-b818-b8fb0f74dcef","timestamp":"2023-02-17T06:42:33.740Z"}
{"level":"info","message":"END: GET /6.8c194cea.async.js","req":{},"reqId":"3cbaed14-f341-4f50-b818-b8fb0f74dcef","res":{"status":200},"responseTime":1,"timestamp":"2023-02-17T06:42:33.741Z"}
{"level":"info","message":"BEGIN: GET /1.5fa09c1b.async.js","reqId":"97882849-45d9-4cde-b40c-a1df48ddbad1","timestamp":"2023-02-17T06:42:33.787Z"}
{"level":"info","message":"END: GET /1.5fa09c1b.async.js","req":{},"reqId":"97882849-45d9-4cde-b40c-a1df48ddbad1","res":{"status":200},"responseTime":2,"timestamp":"2023-02-17T06:42:33.789Z"}
{"level":"info","message":"BEGIN: GET /9.8b0728a7.async.js","reqId":"dc954bb2-7ef3-44ed-a43f-e158a22f1662","timestamp":"2023-02-17T06:42:33.869Z"}
{"level":"info","message":"END: GET /9.8b0728a7.async.js","req":{},"reqId":"dc954bb2-7ef3-44ed-a43f-e158a22f1662","res":{"status":200},"responseTime":2,"timestamp":"2023-02-17T06:42:33.870Z"}
{"level":"info","message":"BEGIN: GET /13.f3c246be.async.js","reqId":"1ad4b7b5-6131-416a-a89c-90bf93148b29","timestamp":"2023-02-17T06:42:33.924Z"}
{"level":"info","message":"END: GET /13.f3c246be.async.js","req":{},"reqId":"1ad4b7b5-6131-416a-a89c-90bf93148b29","res":{"status":200},"responseTime":15,"timestamp":"2023-02-17T06:42:33.939Z"}
{"level":"info","message":"BEGIN: GET /5.38cde3b8.async.js","reqId":"d2c1d36c-7c89-40ed-a4b5-fa08c8128a8c","timestamp":"2023-02-17T06:42:33.970Z"}
{"level":"info","message":"END: GET /5.38cde3b8.async.js","req":{},"reqId":"d2c1d36c-7c89-40ed-a4b5-fa08c8128a8c","res":{"status":200},"responseTime":1,"timestamp":"2023-02-17T06:42:33.971Z"}
{"level":"info","message":"BEGIN: GET /7.cfa85432.async.js","reqId":"d1feed71-4e9b-40e9-9711-021af9d7888b","timestamp":"2023-02-17T06:42:34.011Z"}
{"level":"info","message":"END: GET /7.cfa85432.async.js","req":{},"reqId":"d1feed71-4e9b-40e9-9711-021af9d7888b","res":{"status":200},"responseTime":1,"timestamp":"2023-02-17T06:42:34.012Z"}
{"level":"info","message":"BEGIN: GET /20.8731c06a.async.js","reqId":"fa0f33e8-c19a-4982-bac8-4bec0d61d023","timestamp":"2023-02-17T06:42:34.051Z"}
{"level":"info","message":"END: GET /20.8731c06a.async.js","req":{},"reqId":"fa0f33e8-c19a-4982-bac8-4bec0d61d023","res":{"status":200},"responseTime":3,"timestamp":"2023-02-17T06:42:34.053Z"}
{"level":"info","message":"BEGIN: GET /12.6373b797.async.js","reqId":"76b9f26a-8a5f-463d-bc7e-583647352a89","timestamp":"2023-02-17T06:42:34.220Z"}
{"level":"info","message":"END: GET /12.6373b797.async.js","req":{},"reqId":"76b9f26a-8a5f-463d-bc7e-583647352a89","res":{"status":200},"responseTime":1,"timestamp":"2023-02-17T06:42:34.222Z"}
{"level":"info","message":"BEGIN: GET /4.678071a2.async.js","reqId":"a6c1716d-fd8a-4a16-973a-87ca85532508","timestamp":"2023-02-17T06:42:34.277Z"}
{"level":"info","message":"BEGIN: GET /14.44521fd5.async.js","reqId":"02d5ecd5-2ac6-4ac9-9a18-01c91faedaba","timestamp":"2023-02-17T06:42:34.277Z"}
{"level":"info","message":"END: GET /4.678071a2.async.js","req":{},"reqId":"a6c1716d-fd8a-4a16-973a-87ca85532508","res":{"status":200},"responseTime":1,"timestamp":"2023-02-17T06:42:34.278Z"}
{"level":"info","message":"END: GET /14.44521fd5.async.js","req":{},"reqId":"02d5ecd5-2ac6-4ac9-9a18-01c91faedaba","res":{"status":200},"responseTime":2,"timestamp":"2023-02-17T06:42:34.279Z"}
{"level":"info","message":"BEGIN: GET /3.5757fb2a.async.js","reqId":"bc394aa8-a308-4398-8eb1-1e4ee5ed46f0","timestamp":"2023-02-17T06:42:34.445Z"}
{"level":"info","message":"BEGIN: GET /8.2190c12a.async.js","reqId":"b468126b-d155-400e-9f8f-d9f9789bbf58","timestamp":"2023-02-17T06:42:34.446Z"}
{"level":"info","message":"END: GET /3.5757fb2a.async.js","req":{},"reqId":"bc394aa8-a308-4398-8eb1-1e4ee5ed46f0","res":{"status":200},"responseTime":6,"timestamp":"2023-02-17T06:42:34.451Z"}
{"level":"info","message":"END: GET /8.2190c12a.async.js","req":{},"reqId":"b468126b-d155-400e-9f8f-d9f9789bbf58","res":{"status":200},"responseTime":6,"timestamp":"2023-02-17T06:42:34.452Z"}
{"level":"info","message":"BEGIN: GET /api/app:getLang","reqId":"f7cba4bd-2c4b-41e7-9495-e7ed2e34685b","timestamp":"2023-02-17T06:42:34.604Z"}
{"can":null,"level":"info","message":"ctx permission","reqId":"f7cba4bd-2c4b-41e7-9495-e7ed2e34685b","skip":true,"timestamp":"2023-02-17T06:42:34.607Z"}
{"level":"info","message":"acl params","reqId":"f7cba4bd-2c4b-41e7-9495-e7ed2e34685b","timestamp":"2023-02-17T06:42:34.608Z"}
{"level":"info","message":"acl parsedParams","reqId":"f7cba4bd-2c4b-41e7-9495-e7ed2e34685b","timestamp":"2023-02-17T06:42:34.608Z"}
{"level":"info","message":"END: GET /api/app:getLang","req":{"action":{"actionName":"getLang","params":{"actionName":"getLang","resourceName":"app"},"resourceName":"app"},"header":{"x-hostname":"localhost","x-timezone":"+07:00"}},"reqId":"f7cba4bd-2c4b-41e7-9495-e7ed2e34685b","res":{"status":200},"responseTime":7,"timestamp":"2023-02-17T06:42:34.611Z"}
{"level":"info","message":"BEGIN: GET /api/uiRoutes:getAccessible","reqId":"ff7c8b9a-a2a3-43a9-a6d1-6e820028b9b2","timestamp":"2023-02-17T06:42:34.631Z"}
{"can":null,"level":"info","message":"ctx permission","reqId":"ff7c8b9a-a2a3-43a9-a6d1-6e820028b9b2","skip":true,"timestamp":"2023-02-17T06:42:34.639Z"}
{"level":"info","message":"acl params","reqId":"ff7c8b9a-a2a3-43a9-a6d1-6e820028b9b2","timestamp":"2023-02-17T06:42:34.640Z"}
{"level":"info","message":"acl parsedParams","reqId":"ff7c8b9a-a2a3-43a9-a6d1-6e820028b9b2","timestamp":"2023-02-17T06:42:34.640Z"}
{"level":"info","message":"END: GET /api/uiRoutes:getAccessible","req":{"action":{"actionName":"getAccessible","params":{"actionName":"getAccessible","resourceName":"uiRoutes"},"resourceName":"uiRoutes"},"header":{"x-hostname":"localhost","x-locale":"en-US","x-timezone":"+07:00"}},"reqId":"ff7c8b9a-a2a3-43a9-a6d1-6e820028b9b2","res":{"status":200},"responseTime":36,"timestamp":"2023-02-17T06:42:34.667Z"}
{"level":"info","message":"BEGIN: GET /api/systemSettings:get/1?appends=logo","reqId":"6f78c915-88a3-4da5-b55a-bf5d990f0338","timestamp":"2023-02-17T06:42:34.719Z"}
{"can":null,"level":"info","message":"ctx permission","reqId":"6f78c915-88a3-4da5-b55a-bf5d990f0338","skip":true,"timestamp":"2023-02-17T06:42:34.723Z"}
{"level":"info","message":"acl params","reqId":"6f78c915-88a3-4da5-b55a-bf5d990f0338","timestamp":"2023-02-17T06:42:34.723Z"}
{"level":"info","message":"acl parsedParams","reqId":"6f78c915-88a3-4da5-b55a-bf5d990f0338","timestamp":"2023-02-17T06:42:34.723Z"}
{"level":"info","message":"END: GET /api/systemSettings:get/1?appends=logo","req":{"action":{"actionName":"get","params":{"actionName":"get","appends":["logo"],"filterByTk":"1","resourceIndex":"1","resourceName":"systemSettings"},"resourceName":"systemSettings"},"header":{"x-hostname":"localhost","x-locale":"en-US","x-timezone":"+07:00"}},"reqId":"6f78c915-88a3-4da5-b55a-bf5d990f0338","res":{"status":200},"responseTime":24,"timestamp":"2023-02-17T06:42:34.743Z"}
{"level":"info","message":"BEGIN: POST /api/users:signin?authenticator=password","reqId":"0df696d2-f494-4088-8fbf-4791a829e6d5","timestamp":"2023-02-17T06:43:12.884Z"}
{"can":null,"level":"info","message":"ctx permission","reqId":"0df696d2-f494-4088-8fbf-4791a829e6d5","skip":true,"timestamp":"2023-02-17T06:43:12.979Z"}
{"level":"info","message":"acl params","reqId":"0df696d2-f494-4088-8fbf-4791a829e6d5","timestamp":"2023-02-17T06:43:12.979Z"}
{"level":"info","message":"acl parsedParams","reqId":"0df696d2-f494-4088-8fbf-4791a829e6d5","timestamp":"2023-02-17T06:43:12.980Z"}
{"level":"info","message":"END: POST /api/users:signin?authenticator=password","req":{"action":{"actionName":"signin","params":{"actionName":"signin","authenticator":"password","resourceName":"users","values":{"email":"admin@nocobase.com","password":"admin123"}},"resourceName":"users"},"header":{"x-hostname":"localhost","x-locale":"en-US","x-timezone":"+07:00"}},"reqId":"0df696d2-f494-4088-8fbf-4791a829e6d5","res":{"status":200},"responseTime":552,"timestamp":"2023-02-17T06:43:13.436Z"}
{"level":"info","message":"BEGIN: GET /api/app:getInfo","reqId":"b5b22c85-4db9-4ee4-b2ce-4dc6100fa26f","timestamp":"2023-02-17T06:43:13.592Z"}
{"level":"info","message":"Current user id: 1","reqId":"b5b22c85-4db9-4ee4-b2ce-4dc6100fa26f","timestamp":"2023-02-17T06:43:13.610Z"}
{"can":null,"level":"info","message":"ctx permission","reqId":"b5b22c85-4db9-4ee4-b2ce-4dc6100fa26f","skip":true,"timestamp":"2023-02-17T06:43:13.825Z"}
{"level":"info","message":"acl params","reqId":"b5b22c85-4db9-4ee4-b2ce-4dc6100fa26f","timestamp":"2023-02-17T06:43:13.825Z"}
{"level":"info","message":"acl parsedParams","reqId":"b5b22c85-4db9-4ee4-b2ce-4dc6100fa26f","timestamp":"2023-02-17T06:43:13.830Z"}
{"level":"info","message":"END: GET /api/app:getInfo","req":{"action":{"actionName":"getInfo","params":{"actionName":"getInfo","resourceName":"app"},"resourceName":"app"},"header":{"x-hostname":"localhost","x-locale":"en-US","x-timezone":"+07:00"}},"reqId":"b5b22c85-4db9-4ee4-b2ce-4dc6100fa26f","res":{"status":200},"responseTime":253,"timestamp":"2023-02-17T06:43:13.844Z"}
{"level":"info","message":"BEGIN: GET /api/users:check","reqId":"2f56baa6-ad30-419b-ae26-22c9001fc7f3","timestamp":"2023-02-17T06:43:13.859Z"}
{"level":"info","message":"Current user id: 1","reqId":"2f56baa6-ad30-419b-ae26-22c9001fc7f3","timestamp":"2023-02-17T06:43:13.878Z"}
{"can":null,"level":"info","message":"ctx permission","reqId":"2f56baa6-ad30-419b-ae26-22c9001fc7f3","skip":true,"timestamp":"2023-02-17T06:43:13.888Z"}
{"level":"info","message":"acl params","reqId":"2f56baa6-ad30-419b-ae26-22c9001fc7f3","timestamp":"2023-02-17T06:43:13.888Z"}
{"level":"info","message":"acl parsedParams","reqId":"2f56baa6-ad30-419b-ae26-22c9001fc7f3","timestamp":"2023-02-17T06:43:13.891Z"}
{"level":"info","message":"END: GET /api/users:check","req":{"action":{"actionName":"check","params":{"actionName":"check","resourceName":"users"},"resourceName":"users"},"header":{"x-hostname":"localhost","x-locale":"en-US","x-timezone":"+07:00"}},"reqId":"2f56baa6-ad30-419b-ae26-22c9001fc7f3","res":{"status":200},"responseTime":35,"timestamp":"2023-02-17T06:43:13.908Z"}
{"level":"info","message":"BEGIN: GET /api/uiSchemaTemplates:list?appends%5B%5D=collection&paginate=false","reqId":"17594f6d-d889-4809-aecf-bd88bac4f8f6","timestamp":"2023-02-17T06:43:13.919Z"}
{"level":"info","message":"Current user id: 1","reqId":"17594f6d-d889-4809-aecf-bd88bac4f8f6","timestamp":"2023-02-17T06:43:13.930Z"}
{"can":{"action":"list","resource":"uiSchemaTemplates","role":"root"},"level":"info","message":"ctx permission","reqId":"17594f6d-d889-4809-aecf-bd88bac4f8f6","skip":true,"timestamp":"2023-02-17T06:43:13.949Z"}
{"level":"info","message":"acl params","reqId":"17594f6d-d889-4809-aecf-bd88bac4f8f6","timestamp":"2023-02-17T06:43:13.949Z"}
{"level":"info","message":"acl parsedParams","reqId":"17594f6d-d889-4809-aecf-bd88bac4f8f6","timestamp":"2023-02-17T06:43:13.956Z"}
{"level":"info","message":"END: GET /api/uiSchemaTemplates:list?appends%5B%5D=collection&paginate=false","req":{"action":{"actionName":"list","params":{"actionName":"list","appends":["collection"],"paginate":"false","resourceName":"uiSchemaTemplates"},"resourceName":"uiSchemaTemplates"},"header":{"x-hostname":"localhost","x-locale":"en-US","x-timezone":"+07:00"}},"reqId":"17594f6d-d889-4809-aecf-bd88bac4f8f6","res":{"status":200},"responseTime":87,"timestamp":"2023-02-17T06:43:14.006Z"}
{"level":"info","message":"BEGIN: GET /api/collections:list?paginate=false&appends%5B%5D=fields&appends%5B%5D=fields.uiSchema&sort%5B%5D=sort&filter=%7B%7D","reqId":"d2b2a2f4-99d5-4a00-a689-e20025d6caf8","timestamp":"2023-02-17T06:43:14.023Z"}
{"level":"info","message":"Current user id: 1","reqId":"d2b2a2f4-99d5-4a00-a689-e20025d6caf8","timestamp":"2023-02-17T06:43:14.047Z"}
{"can":{"action":"list","resource":"collections","role":"root"},"level":"info","message":"ctx permission","reqId":"d2b2a2f4-99d5-4a00-a689-e20025d6caf8","skip":true,"timestamp":"2023-02-17T06:43:14.055Z"}
{"level":"info","message":"acl params","reqId":"d2b2a2f4-99d5-4a00-a689-e20025d6caf8","timestamp":"2023-02-17T06:43:14.055Z"}
{"level":"info","message":"acl parsedParams","reqId":"d2b2a2f4-99d5-4a00-a689-e20025d6caf8","timestamp":"2023-02-17T06:43:14.057Z"}
{"level":"info","message":"END: GET /api/collections:list?paginate=false&appends%5B%5D=fields&appends%5B%5D=fields.uiSchema&sort%5B%5D=sort&filter=%7B%7D","req":{"action":{"actionName":"list","params":{"actionName":"list","appends":["fields","fields.uiSchema"],"filter":{},"paginate":"false","resourceName":"collections","sort":["sort"]},"resourceName":"collections"},"header":{"x-hostname":"localhost","x-locale":"en-US","x-timezone":"+07:00"}},"reqId":"d2b2a2f4-99d5-4a00-a689-e20025d6caf8","res":{"status":200},"responseTime":74,"timestamp":"2023-02-17T06:43:14.097Z"}
{"level":"info","message":"BEGIN: GET /api/roles:check","reqId":"7a95289b-7a5b-4349-9cd3-fd6ef37658b5","timestamp":"2023-02-17T06:43:14.130Z"}
{"level":"info","message":"Current user id: 1","reqId":"7a95289b-7a5b-4349-9cd3-fd6ef37658b5","timestamp":"2023-02-17T06:43:14.140Z"}
{"can":{"action":"check","resource":"roles","role":"root"},"level":"info","message":"ctx permission","reqId":"7a95289b-7a5b-4349-9cd3-fd6ef37658b5","skip":true,"timestamp":"2023-02-17T06:43:14.143Z"}
{"level":"info","message":"acl params","reqId":"7a95289b-7a5b-4349-9cd3-fd6ef37658b5","timestamp":"2023-02-17T06:43:14.144Z"}
{"level":"info","message":"acl parsedParams","reqId":"7a95289b-7a5b-4349-9cd3-fd6ef37658b5","timestamp":"2023-02-17T06:43:14.145Z"}
{"level":"info","message":"END: GET /api/roles:check","req":{"action":{"actionName":"check","params":{"actionName":"check","resourceName":"roles"},"resourceName":"roles"},"header":{"x-hostname":"localhost","x-locale":"en-US","x-timezone":"+07:00"}},"reqId":"7a95289b-7a5b-4349-9cd3-fd6ef37658b5","res":{"status":200},"responseTime":87,"timestamp":"2023-02-17T06:43:14.216Z"}
{"level":"info","message":"BEGIN: GET /storage/uploads/b0f81cdd52a6a84956664c46b9fd4821.webp","reqId":"2cb859b0-f50e-4e07-8c90-98f84f8575d6","timestamp":"2023-02-17T06:43:14.276Z"}
{"level":"info","message":"BEGIN: GET /api/uiSchemas:getJsonSchema/xh1mxs6genp","reqId":"52f38b09-a835-4335-9d75-a551e6ecc307","timestamp":"2023-02-17T06:43:14.398Z"}
{"level":"info","message":"Current user id: 1","reqId":"52f38b09-a835-4335-9d75-a551e6ecc307","timestamp":"2023-02-17T06:43:14.407Z"}
{"can":null,"level":"info","message":"ctx permission","reqId":"52f38b09-a835-4335-9d75-a551e6ecc307","skip":true,"timestamp":"2023-02-17T06:43:14.412Z"}
{"level":"info","message":"acl params","reqId":"52f38b09-a835-4335-9d75-a551e6ecc307","timestamp":"2023-02-17T06:43:14.412Z"}
{"level":"info","message":"acl parsedParams","reqId":"52f38b09-a835-4335-9d75-a551e6ecc307","timestamp":"2023-02-17T06:43:14.413Z"}
{"level":"info","message":"END: GET /storage/uploads/b0f81cdd52a6a84956664c46b9fd4821.webp","req":{},"reqId":"2cb859b0-f50e-4e07-8c90-98f84f8575d6","res":{"status":200},"responseTime":200,"timestamp":"2023-02-17T06:43:14.477Z"}
{"level":"info","message":"END: GET /api/uiSchemas:getJsonSchema/xh1mxs6genp","req":{"action":{"actionName":"getJsonSchema","params":{"actionName":"getJsonSchema","filterByTk":"xh1mxs6genp","resourceIndex":"xh1mxs6genp","resourceName":"uiSchemas"},"resourceName":"uiSchemas"},"header":{"x-hostname":"localhost","x-locale":"en-US","x-role":"root","x-timezone":"+07:00"}},"reqId":"52f38b09-a835-4335-9d75-a551e6ecc307","res":{"status":200},"responseTime":89,"timestamp":"2023-02-17T06:43:14.487Z"}
{"level":"info","message":"BEGIN: GET /api/uiSchemas:getProperties/4s7frx07cp3","reqId":"e55b6773-f40f-46b3-96c1-f4dc3799c6ea","timestamp":"2023-02-17T06:43:14.574Z"}
{"level":"info","message":"Current user id: 1","reqId":"e55b6773-f40f-46b3-96c1-f4dc3799c6ea","timestamp":"2023-02-17T06:43:14.584Z"}
{"can":{"action":"getProperties","resource":"uiSchemas","role":"root"},"level":"info","message":"ctx permission","reqId":"e55b6773-f40f-46b3-96c1-f4dc3799c6ea","skip":true,"timestamp":"2023-02-17T06:43:14.590Z"}
{"level":"info","message":"acl params","reqId":"e55b6773-f40f-46b3-96c1-f4dc3799c6ea","timestamp":"2023-02-17T06:43:14.590Z"}
{"level":"info","message":"acl parsedParams","reqId":"e55b6773-f40f-46b3-96c1-f4dc3799c6ea","timestamp":"2023-02-17T06:43:14.592Z"}
{"level":"info","message":"END: GET /api/uiSchemas:getProperties/4s7frx07cp3","req":{"action":{"actionName":"getProperties","params":{"actionName":"getProperties","filterByTk":"4s7frx07cp3","resourceIndex":"4s7frx07cp3","resourceName":"uiSchemas"},"resourceName":"uiSchemas"},"header":{"x-hostname":"localhost","x-locale":"en-US","x-role":"root","x-timezone":"+07:00"}},"reqId":"e55b6773-f40f-46b3-96c1-f4dc3799c6ea","res":{"status":200},"responseTime":22,"timestamp":"2023-02-17T06:43:14.596Z"}
