{"level":"info","message":"BEGIN: GET /api/app:getLang","reqId":"89177910-dc8f-4a46-9737-2fa83a8e5c77","timestamp":"2023-02-17T05:59:36.113Z"}
{"can":null,"level":"info","message":"ctx permission","reqId":"89177910-dc8f-4a46-9737-2fa83a8e5c77","skip":true,"timestamp":"2023-02-17T05:59:36.870Z"}
{"level":"info","message":"acl params","reqId":"89177910-dc8f-4a46-9737-2fa83a8e5c77","timestamp":"2023-02-17T05:59:36.876Z"}
{"level":"info","message":"acl parsedParams","reqId":"89177910-dc8f-4a46-9737-2fa83a8e5c77","timestamp":"2023-02-17T05:59:37.073Z"}
{"level":"info","message":"BEGIN: GET /api/app:getPlugins","reqId":"5448e7c8-226b-422c-9fc6-b07d7dffc993","timestamp":"2023-02-17T05:59:37.101Z"}
{"can":null,"level":"info","message":"ctx permission","reqId":"5448e7c8-226b-422c-9fc6-b07d7dffc993","skip":true,"timestamp":"2023-02-17T05:59:37.107Z"}
{"level":"info","message":"acl params","reqId":"5448e7c8-226b-422c-9fc6-b07d7dffc993","timestamp":"2023-02-17T05:59:37.109Z"}
{"level":"info","message":"acl parsedParams","reqId":"5448e7c8-226b-422c-9fc6-b07d7dffc993","timestamp":"2023-02-17T05:59:37.111Z"}
{"level":"info","message":"END: GET /api/app:getPlugins","req":{"action":{"actionName":"getPlugins","params":{"actionName":"getPlugins","resourceName":"app"},"resourceName":"app"},"header":{"x-hostname":"localhost","x-timezone":"+07:00"}},"reqId":"5448e7c8-226b-422c-9fc6-b07d7dffc993","res":{"status":200},"responseTime":1794,"timestamp":"2023-02-17T05:59:39.097Z"}
{"level":"info","message":"END: GET /api/app:getLang","req":{"action":{"actionName":"getLang","params":{"actionName":"getLang","resourceName":"app"},"resourceName":"app"},"header":{"x-hostname":"localhost","x-timezone":"+07:00"}},"reqId":"89177910-dc8f-4a46-9737-2fa83a8e5c77","res":{"status":200},"responseTime":6758,"timestamp":"2023-02-17T05:59:42.811Z"}
{"level":"info","message":"BEGIN: GET /api/app:getLang","reqId":"7763c145-9303-4527-8251-81dbdefbdcb8","timestamp":"2023-02-17T05:59:42.825Z"}
{"can":null,"level":"info","message":"ctx permission","reqId":"7763c145-9303-4527-8251-81dbdefbdcb8","skip":true,"timestamp":"2023-02-17T05:59:42.829Z"}
{"level":"info","message":"acl params","reqId":"7763c145-9303-4527-8251-81dbdefbdcb8","timestamp":"2023-02-17T05:59:42.830Z"}
{"level":"info","message":"acl parsedParams","reqId":"7763c145-9303-4527-8251-81dbdefbdcb8","timestamp":"2023-02-17T05:59:42.832Z"}
{"level":"info","message":"END: GET /api/app:getLang","req":{"action":{"actionName":"getLang","params":{"actionName":"getLang","resourceName":"app"},"resourceName":"app"},"header":{"x-hostname":"localhost","x-timezone":"+07:00"}},"reqId":"7763c145-9303-4527-8251-81dbdefbdcb8","res":{"status":200},"responseTime":11,"timestamp":"2023-02-17T05:59:42.836Z"}
{"level":"info","message":"BEGIN: GET /api/uiRoutes:getAccessible","reqId":"062e4f3f-e20f-4bf1-b13c-83a75f0278e4","timestamp":"2023-02-17T05:59:42.895Z"}
{"can":null,"level":"info","message":"ctx permission","reqId":"062e4f3f-e20f-4bf1-b13c-83a75f0278e4","skip":true,"timestamp":"2023-02-17T05:59:42.898Z"}
{"level":"info","message":"acl params","reqId":"062e4f3f-e20f-4bf1-b13c-83a75f0278e4","timestamp":"2023-02-17T05:59:42.900Z"}
{"level":"info","message":"acl parsedParams","reqId":"062e4f3f-e20f-4bf1-b13c-83a75f0278e4","timestamp":"2023-02-17T05:59:42.901Z"}
{"level":"info","message":"END: GET /api/uiRoutes:getAccessible","req":{"action":{"actionName":"getAccessible","params":{"actionName":"getAccessible","resourceName":"uiRoutes"},"resourceName":"uiRoutes"},"header":{"x-hostname":"localhost","x-locale":"en-US","x-timezone":"+07:00"}},"reqId":"062e4f3f-e20f-4bf1-b13c-83a75f0278e4","res":{"status":200},"responseTime":39,"timestamp":"2023-02-17T05:59:42.933Z"}
{"level":"info","message":"BEGIN: GET /api/systemSettings:get/1?appends=logo","reqId":"a37bfe8e-6b9c-4776-8f6f-36844fe1fa6d","timestamp":"2023-02-17T05:59:43.305Z"}
{"can":null,"level":"info","message":"ctx permission","reqId":"a37bfe8e-6b9c-4776-8f6f-36844fe1fa6d","skip":true,"timestamp":"2023-02-17T05:59:43.360Z"}
{"level":"info","message":"acl params","reqId":"a37bfe8e-6b9c-4776-8f6f-36844fe1fa6d","timestamp":"2023-02-17T05:59:43.361Z"}
{"level":"info","message":"acl parsedParams","reqId":"a37bfe8e-6b9c-4776-8f6f-36844fe1fa6d","timestamp":"2023-02-17T05:59:43.362Z"}
{"level":"info","message":"END: GET /api/systemSettings:get/1?appends=logo","req":{"action":{"actionName":"get","params":{"actionName":"get","appends":["logo"],"filterByTk":"1","resourceIndex":"1","resourceName":"systemSettings"},"resourceName":"systemSettings"},"header":{"x-hostname":"localhost","x-locale":"en-US","x-timezone":"+07:00"}},"reqId":"a37bfe8e-6b9c-4776-8f6f-36844fe1fa6d","res":{"status":200},"responseTime":112,"timestamp":"2023-02-17T05:59:43.417Z"}
{"level":"info","message":"BEGIN: GET /api/app:getInfo","reqId":"da661610-606f-4410-9d68-9fc60d598883","timestamp":"2023-02-17T05:59:43.573Z"}
{"can":null,"level":"info","message":"ctx permission","reqId":"da661610-606f-4410-9d68-9fc60d598883","skip":true,"timestamp":"2023-02-17T05:59:43.576Z"}
{"level":"info","message":"acl params","reqId":"da661610-606f-4410-9d68-9fc60d598883","timestamp":"2023-02-17T05:59:43.578Z"}
{"level":"info","message":"acl parsedParams","reqId":"da661610-606f-4410-9d68-9fc60d598883","timestamp":"2023-02-17T05:59:43.579Z"}
{"level":"info","message":"END: GET /api/app:getInfo","req":{"action":{"actionName":"getInfo","params":{"actionName":"getInfo","resourceName":"app"},"resourceName":"app"},"header":{"x-hostname":"localhost","x-locale":"en-US","x-timezone":"+07:00"}},"reqId":"da661610-606f-4410-9d68-9fc60d598883","res":{"status":200},"responseTime":15,"timestamp":"2023-02-17T05:59:43.588Z"}
{"level":"info","message":"BEGIN: GET /api/users:check","reqId":"e2e6450a-188d-4f68-bd39-3be6bcbee013","timestamp":"2023-02-17T05:59:43.840Z"}
{"can":null,"level":"info","message":"ctx permission","reqId":"e2e6450a-188d-4f68-bd39-3be6bcbee013","skip":true,"timestamp":"2023-02-17T05:59:43.843Z"}
{"level":"info","message":"acl params","reqId":"e2e6450a-188d-4f68-bd39-3be6bcbee013","timestamp":"2023-02-17T05:59:43.845Z"}
{"level":"info","message":"acl parsedParams","reqId":"e2e6450a-188d-4f68-bd39-3be6bcbee013","timestamp":"2023-02-17T05:59:43.846Z"}
{"level":"info","message":"END: GET /api/users:check","req":{"action":{"actionName":"check","params":{"actionName":"check","resourceName":"users"},"resourceName":"users"},"header":{"x-hostname":"localhost","x-locale":"en-US","x-timezone":"+07:00"}},"reqId":"e2e6450a-188d-4f68-bd39-3be6bcbee013","res":{"status":200},"responseTime":8,"timestamp":"2023-02-17T05:59:43.848Z"}
